{"C:\\Users\\pablo_8gxofc2\\Projects\\PROJETO-ES\\holo_health_systems\\back_end\\src\\app.js":{"path":"C:\\Users\\pablo_8gxofc2\\Projects\\PROJETO-ES\\holo_health_systems\\back_end\\src\\app.js","statementMap":{"0":{"start":{"line":1,"column":16},"end":{"line":1,"column":34}},"1":{"start":{"line":2,"column":16},"end":{"line":2,"column":33}},"2":{"start":{"line":4,"column":12},"end":{"line":4,"column":21}},"3":{"start":{"line":6,"column":22},"end":{"line":6,"column":49}},"4":{"start":{"line":7,"column":21},"end":{"line":7,"column":47}},"5":{"start":{"line":8,"column":21},"end":{"line":8,"column":47}},"6":{"start":{"line":9,"column":26},"end":{"line":9,"column":57}},"7":{"start":{"line":10,"column":29},"end":{"line":10,"column":63}},"8":{"start":{"line":11,"column":25},"end":{"line":11,"column":55}},"9":{"start":{"line":12,"column":24},"end":{"line":12,"column":52}},"10":{"start":{"line":13,"column":19},"end":{"line":13,"column":43}},"11":{"start":{"line":14,"column":21},"end":{"line":14,"column":47}},"12":{"start":{"line":15,"column":22},"end":{"line":15,"column":49}},"13":{"start":{"line":16,"column":23},"end":{"line":16,"column":51}},"14":{"start":{"line":17,"column":23},"end":{"line":17,"column":51}},"15":{"start":{"line":20,"column":0},"end":{"line":20,"column":23}},"16":{"start":{"line":21,"column":0},"end":{"line":21,"column":44}},"17":{"start":{"line":22,"column":0},"end":{"line":22,"column":23}},"18":{"start":{"line":24,"column":0},"end":{"line":38,"column":2}},"19":{"start":{"line":26,"column":4},"end":{"line":26,"column":52}},"20":{"start":{"line":27,"column":4},"end":{"line":27,"column":54}},"21":{"start":{"line":28,"column":4},"end":{"line":31,"column":9}},"22":{"start":{"line":32,"column":4},"end":{"line":32,"column":61}},"23":{"start":{"line":33,"column":4},"end":{"line":36,"column":5}},"24":{"start":{"line":34,"column":8},"end":{"line":34,"column":81}},"25":{"start":{"line":35,"column":8},"end":{"line":35,"column":39}},"26":{"start":{"line":37,"column":4},"end":{"line":37,"column":11}},"27":{"start":{"line":42,"column":0},"end":{"line":42,"column":33}},"28":{"start":{"line":43,"column":0},"end":{"line":43,"column":31}},"29":{"start":{"line":44,"column":0},"end":{"line":44,"column":31}},"30":{"start":{"line":45,"column":0},"end":{"line":45,"column":41}},"31":{"start":{"line":46,"column":0},"end":{"line":46,"column":46}},"32":{"start":{"line":47,"column":0},"end":{"line":47,"column":54}},"33":{"start":{"line":48,"column":0},"end":{"line":48,"column":36}},"34":{"start":{"line":49,"column":0},"end":{"line":49,"column":27}},"35":{"start":{"line":50,"column":0},"end":{"line":50,"column":31}},"36":{"start":{"line":51,"column":0},"end":{"line":51,"column":33}},"37":{"start":{"line":52,"column":0},"end":{"line":52,"column":35}},"38":{"start":{"line":53,"column":0},"end":{"line":53,"column":35}},"39":{"start":{"line":56,"column":0},"end":{"line":60,"column":2}},"40":{"start":{"line":57,"column":18},"end":{"line":57,"column":45}},"41":{"start":{"line":58,"column":4},"end":{"line":58,"column":21}},"42":{"start":{"line":59,"column":4},"end":{"line":59,"column":14}},"43":{"start":{"line":62,"column":0},"end":{"line":69,"column":2}},"44":{"start":{"line":63,"column":4},"end":{"line":63,"column":36}},"45":{"start":{"line":64,"column":4},"end":{"line":68,"column":6}},"46":{"start":{"line":71,"column":0},"end":{"line":71,"column":20}}},"fnMap":{"0":{"name":"(anonymous_0)","decl":{"start":{"line":24,"column":8},"end":{"line":24,"column":9}},"loc":{"start":{"line":24,"column":24},"end":{"line":38,"column":1}},"line":24},"1":{"name":"(anonymous_1)","decl":{"start":{"line":56,"column":8},"end":{"line":56,"column":9}},"loc":{"start":{"line":56,"column":24},"end":{"line":60,"column":1}},"line":56},"2":{"name":"(anonymous_2)","decl":{"start":{"line":62,"column":8},"end":{"line":62,"column":9}},"loc":{"start":{"line":62,"column":30},"end":{"line":69,"column":1}},"line":62}},"branchMap":{"0":{"loc":{"start":{"line":33,"column":4},"end":{"line":36,"column":5}},"type":"if","locations":[{"start":{"line":33,"column":4},"end":{"line":36,"column":5}},{"start":{"line":33,"column":4},"end":{"line":36,"column":5}}],"line":33},"1":{"loc":{"start":{"line":63,"column":15},"end":{"line":63,"column":34}},"type":"binary-expr","locations":[{"start":{"line":63,"column":15},"end":{"line":63,"column":27}},{"start":{"line":63,"column":31},"end":{"line":63,"column":34}}],"line":63}},"s":{"0":1,"1":1,"2":1,"3":1,"4":1,"5":1,"6":1,"7":1,"8":1,"9":1,"10":1,"11":1,"12":1,"13":1,"14":1,"15":1,"16":1,"17":1,"18":1,"19":0,"20":0,"21":0,"22":0,"23":0,"24":0,"25":0,"26":0,"27":1,"28":1,"29":1,"30":1,"31":1,"32":1,"33":1,"34":1,"35":1,"36":1,"37":1,"38":1,"39":1,"40":0,"41":0,"42":0,"43":1,"44":0,"45":0,"46":1},"f":{"0":0,"1":0,"2":0},"b":{"0":[0,0],"1":[0,0]},"_coverageSchema":"1a1c01bbd47fc00a2c39e90264f33305004495a9","hash":"3bc9559f4ce050f534250868985be5648eb3c438","contentHash":"03f96ee76e3b213a1f9b04dd8ac02ee881fcc062e57e0f1750710f9193a92f88"},"C:\\Users\\pablo_8gxofc2\\Projects\\PROJETO-ES\\holo_health_systems\\back_end\\src\\routes\\usuario.js":{"path":"C:\\Users\\pablo_8gxofc2\\Projects\\PROJETO-ES\\holo_health_systems\\back_end\\src\\routes\\usuario.js","statementMap":{"0":{"start":{"line":1,"column":16},"end":{"line":1,"column":34}},"1":{"start":{"line":2,"column":15},"end":{"line":2,"column":31}},"2":{"start":{"line":3,"column":13},"end":{"line":3,"column":37}},"3":{"start":{"line":4,"column":15},"end":{"line":4,"column":32}},"4":{"start":{"line":5,"column":12},"end":{"line":5,"column":35}},"5":{"start":{"line":6,"column":24},"end":{"line":6,"column":64}},"6":{"start":{"line":7,"column":25},"end":{"line":7,"column":66}},"7":{"start":{"line":8,"column":23},"end":{"line":8,"column":27}},"8":{"start":{"line":21,"column":0},"end":{"line":77,"column":2}},"9":{"start":{"line":22,"column":4},"end":{"line":76,"column":6}},"10":{"start":{"line":23,"column":8},"end":{"line":23,"column":68}},"11":{"start":{"line":23,"column":21},"end":{"line":23,"column":66}},"12":{"start":{"line":24,"column":8},"end":{"line":24,"column":94}},"13":{"start":{"line":24,"column":29},"end":{"line":24,"column":92}},"14":{"start":{"line":25,"column":8},"end":{"line":25,"column":96}},"15":{"start":{"line":25,"column":30},"end":{"line":25,"column":94}},"16":{"start":{"line":26,"column":8},"end":{"line":26,"column":106}},"17":{"start":{"line":26,"column":35},"end":{"line":26,"column":104}},"18":{"start":{"line":27,"column":8},"end":{"line":27,"column":99}},"19":{"start":{"line":27,"column":31},"end":{"line":27,"column":97}},"20":{"start":{"line":28,"column":8},"end":{"line":28,"column":119}},"21":{"start":{"line":28,"column":39},"end":{"line":28,"column":117}},"22":{"start":{"line":29,"column":8},"end":{"line":75,"column":9}},"23":{"start":{"line":33,"column":16},"end":{"line":33,"column":76}},"24":{"start":{"line":33,"column":29},"end":{"line":33,"column":74}},"25":{"start":{"line":34,"column":16},"end":{"line":34,"column":106}},"26":{"start":{"line":34,"column":42},"end":{"line":34,"column":104}},"27":{"start":{"line":35,"column":16},"end":{"line":73,"column":17}},"28":{"start":{"line":39,"column":24},"end":{"line":39,"column":84}},"29":{"start":{"line":39,"column":37},"end":{"line":39,"column":82}},"30":{"start":{"line":40,"column":24},"end":{"line":40,"column":115}},"31":{"start":{"line":40,"column":49},"end":{"line":40,"column":113}},"32":{"start":{"line":41,"column":43},"end":{"line":41,"column":44}},"33":{"start":{"line":42,"column":24},"end":{"line":70,"column":26}},"34":{"start":{"line":43,"column":28},"end":{"line":69,"column":30}},"35":{"start":{"line":44,"column":32},"end":{"line":44,"column":112}},"36":{"start":{"line":44,"column":51},"end":{"line":44,"column":110}},"37":{"start":{"line":46,"column":32},"end":{"line":68,"column":33}},"38":{"start":{"line":57,"column":40},"end":{"line":57,"column":54}},"39":{"start":{"line":58,"column":40},"end":{"line":58,"column":100}},"40":{"start":{"line":58,"column":53},"end":{"line":58,"column":98}},"41":{"start":{"line":59,"column":57},"end":{"line":65,"column":41}},"42":{"start":{"line":66,"column":40},"end":{"line":66,"column":77}},"43":{"start":{"line":78,"column":0},"end":{"line":145,"column":2}},"44":{"start":{"line":80,"column":4},"end":{"line":144,"column":6}},"45":{"start":{"line":81,"column":8},"end":{"line":81,"column":68}},"46":{"start":{"line":81,"column":21},"end":{"line":81,"column":66}},"47":{"start":{"line":82,"column":8},"end":{"line":82,"column":94}},"48":{"start":{"line":82,"column":29},"end":{"line":82,"column":92}},"49":{"start":{"line":83,"column":8},"end":{"line":83,"column":96}},"50":{"start":{"line":83,"column":30},"end":{"line":83,"column":94}},"51":{"start":{"line":84,"column":8},"end":{"line":84,"column":106}},"52":{"start":{"line":84,"column":35},"end":{"line":84,"column":104}},"53":{"start":{"line":85,"column":8},"end":{"line":85,"column":99}},"54":{"start":{"line":85,"column":31},"end":{"line":85,"column":97}},"55":{"start":{"line":86,"column":8},"end":{"line":86,"column":119}},"56":{"start":{"line":86,"column":39},"end":{"line":86,"column":117}},"57":{"start":{"line":87,"column":8},"end":{"line":87,"column":113}},"58":{"start":{"line":87,"column":40},"end":{"line":87,"column":111}},"59":{"start":{"line":88,"column":8},"end":{"line":143,"column":9}},"60":{"start":{"line":92,"column":16},"end":{"line":92,"column":76}},"61":{"start":{"line":92,"column":29},"end":{"line":92,"column":74}},"62":{"start":{"line":93,"column":16},"end":{"line":93,"column":106}},"63":{"start":{"line":93,"column":42},"end":{"line":93,"column":104}},"64":{"start":{"line":94,"column":16},"end":{"line":141,"column":17}},"65":{"start":{"line":98,"column":24},"end":{"line":98,"column":84}},"66":{"start":{"line":98,"column":37},"end":{"line":98,"column":82}},"67":{"start":{"line":99,"column":24},"end":{"line":99,"column":115}},"68":{"start":{"line":99,"column":49},"end":{"line":99,"column":113}},"69":{"start":{"line":100,"column":24},"end":{"line":137,"column":26}},"70":{"start":{"line":101,"column":28},"end":{"line":101,"column":88}},"71":{"start":{"line":101,"column":41},"end":{"line":101,"column":86}},"72":{"start":{"line":102,"column":28},"end":{"line":102,"column":130}},"73":{"start":{"line":102,"column":54},"end":{"line":102,"column":128}},"74":{"start":{"line":103,"column":47},"end":{"line":103,"column":48}},"75":{"start":{"line":104,"column":28},"end":{"line":136,"column":30}},"76":{"start":{"line":105,"column":32},"end":{"line":135,"column":34}},"77":{"start":{"line":106,"column":36},"end":{"line":106,"column":116}},"78":{"start":{"line":106,"column":55},"end":{"line":106,"column":114}},"79":{"start":{"line":108,"column":36},"end":{"line":134,"column":37}},"80":{"start":{"line":119,"column":44},"end":{"line":119,"column":104}},"81":{"start":{"line":119,"column":57},"end":{"line":119,"column":102}},"82":{"start":{"line":120,"column":44},"end":{"line":132,"column":46}},"83":{"start":{"line":121,"column":48},"end":{"line":121,"column":62}},"84":{"start":{"line":122,"column":48},"end":{"line":122,"column":108}},"85":{"start":{"line":122,"column":61},"end":{"line":122,"column":106}},"86":{"start":{"line":123,"column":65},"end":{"line":130,"column":49}},"87":{"start":{"line":131,"column":48},"end":{"line":131,"column":85}},"88":{"start":{"line":146,"column":0},"end":{"line":215,"column":2}},"89":{"start":{"line":147,"column":4},"end":{"line":214,"column":6}},"90":{"start":{"line":148,"column":8},"end":{"line":148,"column":71}},"91":{"start":{"line":148,"column":21},"end":{"line":148,"column":69}},"92":{"start":{"line":149,"column":8},"end":{"line":149,"column":94}},"93":{"start":{"line":149,"column":29},"end":{"line":149,"column":92}},"94":{"start":{"line":150,"column":8},"end":{"line":150,"column":96}},"95":{"start":{"line":150,"column":30},"end":{"line":150,"column":94}},"96":{"start":{"line":151,"column":8},"end":{"line":151,"column":106}},"97":{"start":{"line":151,"column":35},"end":{"line":151,"column":104}},"98":{"start":{"line":152,"column":8},"end":{"line":152,"column":99}},"99":{"start":{"line":152,"column":31},"end":{"line":152,"column":97}},"100":{"start":{"line":153,"column":8},"end":{"line":153,"column":94}},"101":{"start":{"line":153,"column":29},"end":{"line":153,"column":92}},"102":{"start":{"line":154,"column":8},"end":{"line":154,"column":119}},"103":{"start":{"line":154,"column":39},"end":{"line":154,"column":117}},"104":{"start":{"line":155,"column":8},"end":{"line":155,"column":114}},"105":{"start":{"line":155,"column":39},"end":{"line":155,"column":112}},"106":{"start":{"line":156,"column":8},"end":{"line":156,"column":116}},"107":{"start":{"line":156,"column":38},"end":{"line":156,"column":114}},"108":{"start":{"line":158,"column":8},"end":{"line":213,"column":9}},"109":{"start":{"line":162,"column":16},"end":{"line":162,"column":79}},"110":{"start":{"line":162,"column":29},"end":{"line":162,"column":77}},"111":{"start":{"line":163,"column":16},"end":{"line":163,"column":106}},"112":{"start":{"line":163,"column":42},"end":{"line":163,"column":104}},"113":{"start":{"line":164,"column":16},"end":{"line":211,"column":17}},"114":{"start":{"line":168,"column":24},"end":{"line":168,"column":87}},"115":{"start":{"line":168,"column":37},"end":{"line":168,"column":85}},"116":{"start":{"line":169,"column":24},"end":{"line":169,"column":115}},"117":{"start":{"line":169,"column":49},"end":{"line":169,"column":113}},"118":{"start":{"line":170,"column":24},"end":{"line":207,"column":26}},"119":{"start":{"line":171,"column":28},"end":{"line":171,"column":91}},"120":{"start":{"line":171,"column":41},"end":{"line":171,"column":89}},"121":{"start":{"line":172,"column":28},"end":{"line":172,"column":118}},"122":{"start":{"line":172,"column":54},"end":{"line":172,"column":116}},"123":{"start":{"line":173,"column":47},"end":{"line":173,"column":48}},"124":{"start":{"line":174,"column":28},"end":{"line":206,"column":30}},"125":{"start":{"line":175,"column":32},"end":{"line":205,"column":34}},"126":{"start":{"line":176,"column":36},"end":{"line":176,"column":119}},"127":{"start":{"line":176,"column":55},"end":{"line":176,"column":117}},"128":{"start":{"line":178,"column":36},"end":{"line":204,"column":37}},"129":{"start":{"line":189,"column":44},"end":{"line":189,"column":107}},"130":{"start":{"line":189,"column":57},"end":{"line":189,"column":105}},"131":{"start":{"line":190,"column":44},"end":{"line":202,"column":46}},"132":{"start":{"line":191,"column":48},"end":{"line":191,"column":62}},"133":{"start":{"line":192,"column":48},"end":{"line":192,"column":111}},"134":{"start":{"line":192,"column":61},"end":{"line":192,"column":109}},"135":{"start":{"line":193,"column":65},"end":{"line":200,"column":49}},"136":{"start":{"line":201,"column":48},"end":{"line":201,"column":85}},"137":{"start":{"line":224,"column":0},"end":{"line":331,"column":2}},"138":{"start":{"line":225,"column":4},"end":{"line":225,"column":35}},"139":{"start":{"line":225,"column":22},"end":{"line":225,"column":34}},"140":{"start":{"line":226,"column":4},"end":{"line":226,"column":37}},"141":{"start":{"line":226,"column":24},"end":{"line":226,"column":36}},"142":{"start":{"line":227,"column":4},"end":{"line":227,"column":118}},"143":{"start":{"line":227,"column":18},"end":{"line":227,"column":116}},"144":{"start":{"line":228,"column":4},"end":{"line":228,"column":105}},"145":{"start":{"line":228,"column":27},"end":{"line":228,"column":103}},"146":{"start":{"line":230,"column":4},"end":{"line":330,"column":6}},"147":{"start":{"line":231,"column":8},"end":{"line":231,"column":68}},"148":{"start":{"line":231,"column":21},"end":{"line":231,"column":66}},"149":{"start":{"line":232,"column":26},"end":{"line":232,"column":120}},"150":{"start":{"line":233,"column":8},"end":{"line":329,"column":14}},"151":{"start":{"line":237,"column":16},"end":{"line":237,"column":76}},"152":{"start":{"line":237,"column":29},"end":{"line":237,"column":74}},"153":{"start":{"line":238,"column":16},"end":{"line":238,"column":110}},"154":{"start":{"line":238,"column":42},"end":{"line":238,"column":108}},"155":{"start":{"line":239,"column":16},"end":{"line":328,"column":18}},"156":{"start":{"line":240,"column":20},"end":{"line":240,"column":99}},"157":{"start":{"line":240,"column":31},"end":{"line":240,"column":97}},"158":{"start":{"line":241,"column":20},"end":{"line":323,"column":21}},"159":{"start":{"line":242,"column":24},"end":{"line":320,"column":30}},"160":{"start":{"line":246,"column":32},"end":{"line":246,"column":92}},"161":{"start":{"line":246,"column":45},"end":{"line":246,"column":90}},"162":{"start":{"line":248,"column":32},"end":{"line":319,"column":33}},"163":{"start":{"line":249,"column":36},"end":{"line":299,"column":38}},"164":{"start":{"line":250,"column":40},"end":{"line":250,"column":100}},"165":{"start":{"line":250,"column":53},"end":{"line":250,"column":98}},"166":{"start":{"line":252,"column":40},"end":{"line":298,"column":41}},"167":{"start":{"line":254,"column":44},"end":{"line":261,"column":45}},"168":{"start":{"line":255,"column":48},"end":{"line":255,"column":80}},"169":{"start":{"line":256,"column":48},"end":{"line":256,"column":63}},"170":{"start":{"line":259,"column":48},"end":{"line":259,"column":82}},"171":{"start":{"line":260,"column":48},"end":{"line":260,"column":65}},"172":{"start":{"line":263,"column":58},"end":{"line":271,"column":50}},"173":{"start":{"line":273,"column":44},"end":{"line":277,"column":46}},"174":{"start":{"line":281,"column":44},"end":{"line":281,"column":76}},"175":{"start":{"line":282,"column":44},"end":{"line":282,"column":59}},"176":{"start":{"line":283,"column":58},"end":{"line":292,"column":50}},"177":{"start":{"line":293,"column":44},"end":{"line":297,"column":46}},"178":{"start":{"line":302,"column":36},"end":{"line":302,"column":69}},"179":{"start":{"line":303,"column":36},"end":{"line":303,"column":52}},"180":{"start":{"line":304,"column":50},"end":{"line":313,"column":42}},"181":{"start":{"line":314,"column":36},"end":{"line":318,"column":38}},"182":{"start":{"line":322,"column":24},"end":{"line":322,"column":90}},"183":{"start":{"line":333,"column":0},"end":{"line":333,"column":23}}},"fnMap":{"0":{"name":"(anonymous_0)","decl":{"start":{"line":21,"column":25},"end":{"line":21,"column":26}},"loc":{"start":{"line":21,"column":45},"end":{"line":77,"column":1}},"line":21},"1":{"name":"(anonymous_1)","decl":{"start":{"line":22,"column":23},"end":{"line":22,"column":24}},"loc":{"start":{"line":22,"column":40},"end":{"line":76,"column":5}},"line":22},"2":{"name":"(anonymous_2)","decl":{"start":{"line":32,"column":12},"end":{"line":32,"column":13}},"loc":{"start":{"line":32,"column":40},"end":{"line":74,"column":13}},"line":32},"3":{"name":"(anonymous_3)","decl":{"start":{"line":38,"column":20},"end":{"line":38,"column":21}},"loc":{"start":{"line":38,"column":46},"end":{"line":72,"column":21}},"line":38},"4":{"name":"(anonymous_4)","decl":{"start":{"line":42,"column":51},"end":{"line":42,"column":52}},"loc":{"start":{"line":42,"column":72},"end":{"line":70,"column":25}},"line":42},"5":{"name":"(anonymous_5)","decl":{"start":{"line":43,"column":62},"end":{"line":43,"column":63}},"loc":{"start":{"line":43,"column":85},"end":{"line":69,"column":29}},"line":43},"6":{"name":"(anonymous_6)","decl":{"start":{"line":56,"column":36},"end":{"line":56,"column":37}},"loc":{"start":{"line":56,"column":62},"end":{"line":67,"column":37}},"line":56},"7":{"name":"(anonymous_7)","decl":{"start":{"line":78,"column":51},"end":{"line":78,"column":52}},"loc":{"start":{"line":78,"column":71},"end":{"line":145,"column":1}},"line":78},"8":{"name":"(anonymous_8)","decl":{"start":{"line":80,"column":23},"end":{"line":80,"column":24}},"loc":{"start":{"line":80,"column":40},"end":{"line":144,"column":5}},"line":80},"9":{"name":"(anonymous_9)","decl":{"start":{"line":91,"column":12},"end":{"line":91,"column":13}},"loc":{"start":{"line":91,"column":40},"end":{"line":142,"column":13}},"line":91},"10":{"name":"(anonymous_10)","decl":{"start":{"line":97,"column":20},"end":{"line":97,"column":21}},"loc":{"start":{"line":97,"column":46},"end":{"line":140,"column":21}},"line":97},"11":{"name":"(anonymous_11)","decl":{"start":{"line":100,"column":110},"end":{"line":100,"column":111}},"loc":{"start":{"line":100,"column":138},"end":{"line":137,"column":25}},"line":100},"12":{"name":"(anonymous_12)","decl":{"start":{"line":104,"column":55},"end":{"line":104,"column":56}},"loc":{"start":{"line":104,"column":76},"end":{"line":136,"column":29}},"line":104},"13":{"name":"(anonymous_13)","decl":{"start":{"line":105,"column":66},"end":{"line":105,"column":67}},"loc":{"start":{"line":105,"column":89},"end":{"line":135,"column":33}},"line":105},"14":{"name":"(anonymous_14)","decl":{"start":{"line":118,"column":40},"end":{"line":118,"column":41}},"loc":{"start":{"line":118,"column":66},"end":{"line":133,"column":41}},"line":118},"15":{"name":"(anonymous_15)","decl":{"start":{"line":120,"column":161},"end":{"line":120,"column":162}},"loc":{"start":{"line":120,"column":189},"end":{"line":132,"column":45}},"line":120},"16":{"name":"(anonymous_16)","decl":{"start":{"line":146,"column":49},"end":{"line":146,"column":50}},"loc":{"start":{"line":146,"column":69},"end":{"line":215,"column":1}},"line":146},"17":{"name":"(anonymous_17)","decl":{"start":{"line":147,"column":23},"end":{"line":147,"column":24}},"loc":{"start":{"line":147,"column":40},"end":{"line":214,"column":5}},"line":147},"18":{"name":"(anonymous_18)","decl":{"start":{"line":161,"column":12},"end":{"line":161,"column":13}},"loc":{"start":{"line":161,"column":40},"end":{"line":212,"column":13}},"line":161},"19":{"name":"(anonymous_19)","decl":{"start":{"line":167,"column":20},"end":{"line":167,"column":21}},"loc":{"start":{"line":167,"column":46},"end":{"line":210,"column":21}},"line":167},"20":{"name":"(anonymous_20)","decl":{"start":{"line":170,"column":87},"end":{"line":170,"column":88}},"loc":{"start":{"line":170,"column":115},"end":{"line":207,"column":25}},"line":170},"21":{"name":"(anonymous_21)","decl":{"start":{"line":174,"column":55},"end":{"line":174,"column":56}},"loc":{"start":{"line":174,"column":76},"end":{"line":206,"column":29}},"line":174},"22":{"name":"(anonymous_22)","decl":{"start":{"line":175,"column":66},"end":{"line":175,"column":67}},"loc":{"start":{"line":175,"column":89},"end":{"line":205,"column":33}},"line":175},"23":{"name":"(anonymous_23)","decl":{"start":{"line":188,"column":40},"end":{"line":188,"column":41}},"loc":{"start":{"line":188,"column":66},"end":{"line":203,"column":41}},"line":188},"24":{"name":"(anonymous_24)","decl":{"start":{"line":190,"column":201},"end":{"line":190,"column":202}},"loc":{"start":{"line":190,"column":229},"end":{"line":202,"column":45}},"line":190},"25":{"name":"(anonymous_25)","decl":{"start":{"line":224,"column":22},"end":{"line":224,"column":23}},"loc":{"start":{"line":224,"column":42},"end":{"line":331,"column":1}},"line":224},"26":{"name":"(anonymous_26)","decl":{"start":{"line":230,"column":23},"end":{"line":230,"column":24}},"loc":{"start":{"line":230,"column":40},"end":{"line":330,"column":5}},"line":230},"27":{"name":"(anonymous_27)","decl":{"start":{"line":236,"column":12},"end":{"line":236,"column":13}},"loc":{"start":{"line":236,"column":40},"end":{"line":329,"column":13}},"line":236},"28":{"name":"(anonymous_28)","decl":{"start":{"line":239,"column":65},"end":{"line":239,"column":66}},"loc":{"start":{"line":239,"column":82},"end":{"line":328,"column":17}},"line":239},"29":{"name":"(anonymous_29)","decl":{"start":{"line":244,"column":28},"end":{"line":244,"column":29}},"loc":{"start":{"line":244,"column":54},"end":{"line":320,"column":29}},"line":244},"30":{"name":"(anonymous_30)","decl":{"start":{"line":249,"column":108},"end":{"line":249,"column":109}},"loc":{"start":{"line":249,"column":135},"end":{"line":299,"column":37}},"line":249}},"branchMap":{"0":{"loc":{"start":{"line":23,"column":8},"end":{"line":23,"column":68}},"type":"if","locations":[{"start":{"line":23,"column":8},"end":{"line":23,"column":68}},{"start":{"line":23,"column":8},"end":{"line":23,"column":68}}],"line":23},"1":{"loc":{"start":{"line":24,"column":8},"end":{"line":24,"column":94}},"type":"if","locations":[{"start":{"line":24,"column":8},"end":{"line":24,"column":94}},{"start":{"line":24,"column":8},"end":{"line":24,"column":94}}],"line":24},"2":{"loc":{"start":{"line":25,"column":8},"end":{"line":25,"column":96}},"type":"if","locations":[{"start":{"line":25,"column":8},"end":{"line":25,"column":96}},{"start":{"line":25,"column":8},"end":{"line":25,"column":96}}],"line":25},"3":{"loc":{"start":{"line":26,"column":8},"end":{"line":26,"column":106}},"type":"if","locations":[{"start":{"line":26,"column":8},"end":{"line":26,"column":106}},{"start":{"line":26,"column":8},"end":{"line":26,"column":106}}],"line":26},"4":{"loc":{"start":{"line":27,"column":8},"end":{"line":27,"column":99}},"type":"if","locations":[{"start":{"line":27,"column":8},"end":{"line":27,"column":99}},{"start":{"line":27,"column":8},"end":{"line":27,"column":99}}],"line":27},"5":{"loc":{"start":{"line":28,"column":8},"end":{"line":28,"column":119}},"type":"if","locations":[{"start":{"line":28,"column":8},"end":{"line":28,"column":119}},{"start":{"line":28,"column":8},"end":{"line":28,"column":119}}],"line":28},"6":{"loc":{"start":{"line":33,"column":16},"end":{"line":33,"column":76}},"type":"if","locations":[{"start":{"line":33,"column":16},"end":{"line":33,"column":76}},{"start":{"line":33,"column":16},"end":{"line":33,"column":76}}],"line":33},"7":{"loc":{"start":{"line":34,"column":16},"end":{"line":34,"column":106}},"type":"if","locations":[{"start":{"line":34,"column":16},"end":{"line":34,"column":106}},{"start":{"line":34,"column":16},"end":{"line":34,"column":106}}],"line":34},"8":{"loc":{"start":{"line":39,"column":24},"end":{"line":39,"column":84}},"type":"if","locations":[{"start":{"line":39,"column":24},"end":{"line":39,"column":84}},{"start":{"line":39,"column":24},"end":{"line":39,"column":84}}],"line":39},"9":{"loc":{"start":{"line":40,"column":24},"end":{"line":40,"column":115}},"type":"if","locations":[{"start":{"line":40,"column":24},"end":{"line":40,"column":115}},{"start":{"line":40,"column":24},"end":{"line":40,"column":115}}],"line":40},"10":{"loc":{"start":{"line":44,"column":32},"end":{"line":44,"column":112}},"type":"if","locations":[{"start":{"line":44,"column":32},"end":{"line":44,"column":112}},{"start":{"line":44,"column":32},"end":{"line":44,"column":112}}],"line":44},"11":{"loc":{"start":{"line":58,"column":40},"end":{"line":58,"column":100}},"type":"if","locations":[{"start":{"line":58,"column":40},"end":{"line":58,"column":100}},{"start":{"line":58,"column":40},"end":{"line":58,"column":100}}],"line":58},"12":{"loc":{"start":{"line":81,"column":8},"end":{"line":81,"column":68}},"type":"if","locations":[{"start":{"line":81,"column":8},"end":{"line":81,"column":68}},{"start":{"line":81,"column":8},"end":{"line":81,"column":68}}],"line":81},"13":{"loc":{"start":{"line":82,"column":8},"end":{"line":82,"column":94}},"type":"if","locations":[{"start":{"line":82,"column":8},"end":{"line":82,"column":94}},{"start":{"line":82,"column":8},"end":{"line":82,"column":94}}],"line":82},"14":{"loc":{"start":{"line":83,"column":8},"end":{"line":83,"column":96}},"type":"if","locations":[{"start":{"line":83,"column":8},"end":{"line":83,"column":96}},{"start":{"line":83,"column":8},"end":{"line":83,"column":96}}],"line":83},"15":{"loc":{"start":{"line":84,"column":8},"end":{"line":84,"column":106}},"type":"if","locations":[{"start":{"line":84,"column":8},"end":{"line":84,"column":106}},{"start":{"line":84,"column":8},"end":{"line":84,"column":106}}],"line":84},"16":{"loc":{"start":{"line":85,"column":8},"end":{"line":85,"column":99}},"type":"if","locations":[{"start":{"line":85,"column":8},"end":{"line":85,"column":99}},{"start":{"line":85,"column":8},"end":{"line":85,"column":99}}],"line":85},"17":{"loc":{"start":{"line":86,"column":8},"end":{"line":86,"column":119}},"type":"if","locations":[{"start":{"line":86,"column":8},"end":{"line":86,"column":119}},{"start":{"line":86,"column":8},"end":{"line":86,"column":119}}],"line":86},"18":{"loc":{"start":{"line":87,"column":8},"end":{"line":87,"column":113}},"type":"if","locations":[{"start":{"line":87,"column":8},"end":{"line":87,"column":113}},{"start":{"line":87,"column":8},"end":{"line":87,"column":113}}],"line":87},"19":{"loc":{"start":{"line":92,"column":16},"end":{"line":92,"column":76}},"type":"if","locations":[{"start":{"line":92,"column":16},"end":{"line":92,"column":76}},{"start":{"line":92,"column":16},"end":{"line":92,"column":76}}],"line":92},"20":{"loc":{"start":{"line":93,"column":16},"end":{"line":93,"column":106}},"type":"if","locations":[{"start":{"line":93,"column":16},"end":{"line":93,"column":106}},{"start":{"line":93,"column":16},"end":{"line":93,"column":106}}],"line":93},"21":{"loc":{"start":{"line":98,"column":24},"end":{"line":98,"column":84}},"type":"if","locations":[{"start":{"line":98,"column":24},"end":{"line":98,"column":84}},{"start":{"line":98,"column":24},"end":{"line":98,"column":84}}],"line":98},"22":{"loc":{"start":{"line":99,"column":24},"end":{"line":99,"column":115}},"type":"if","locations":[{"start":{"line":99,"column":24},"end":{"line":99,"column":115}},{"start":{"line":99,"column":24},"end":{"line":99,"column":115}}],"line":99},"23":{"loc":{"start":{"line":101,"column":28},"end":{"line":101,"column":88}},"type":"if","locations":[{"start":{"line":101,"column":28},"end":{"line":101,"column":88}},{"start":{"line":101,"column":28},"end":{"line":101,"column":88}}],"line":101},"24":{"loc":{"start":{"line":102,"column":28},"end":{"line":102,"column":130}},"type":"if","locations":[{"start":{"line":102,"column":28},"end":{"line":102,"column":130}},{"start":{"line":102,"column":28},"end":{"line":102,"column":130}}],"line":102},"25":{"loc":{"start":{"line":106,"column":36},"end":{"line":106,"column":116}},"type":"if","locations":[{"start":{"line":106,"column":36},"end":{"line":106,"column":116}},{"start":{"line":106,"column":36},"end":{"line":106,"column":116}}],"line":106},"26":{"loc":{"start":{"line":119,"column":44},"end":{"line":119,"column":104}},"type":"if","locations":[{"start":{"line":119,"column":44},"end":{"line":119,"column":104}},{"start":{"line":119,"column":44},"end":{"line":119,"column":104}}],"line":119},"27":{"loc":{"start":{"line":122,"column":48},"end":{"line":122,"column":108}},"type":"if","locations":[{"start":{"line":122,"column":48},"end":{"line":122,"column":108}},{"start":{"line":122,"column":48},"end":{"line":122,"column":108}}],"line":122},"28":{"loc":{"start":{"line":148,"column":8},"end":{"line":148,"column":71}},"type":"if","locations":[{"start":{"line":148,"column":8},"end":{"line":148,"column":71}},{"start":{"line":148,"column":8},"end":{"line":148,"column":71}}],"line":148},"29":{"loc":{"start":{"line":149,"column":8},"end":{"line":149,"column":94}},"type":"if","locations":[{"start":{"line":149,"column":8},"end":{"line":149,"column":94}},{"start":{"line":149,"column":8},"end":{"line":149,"column":94}}],"line":149},"30":{"loc":{"start":{"line":150,"column":8},"end":{"line":150,"column":96}},"type":"if","locations":[{"start":{"line":150,"column":8},"end":{"line":150,"column":96}},{"start":{"line":150,"column":8},"end":{"line":150,"column":96}}],"line":150},"31":{"loc":{"start":{"line":151,"column":8},"end":{"line":151,"column":106}},"type":"if","locations":[{"start":{"line":151,"column":8},"end":{"line":151,"column":106}},{"start":{"line":151,"column":8},"end":{"line":151,"column":106}}],"line":151},"32":{"loc":{"start":{"line":152,"column":8},"end":{"line":152,"column":99}},"type":"if","locations":[{"start":{"line":152,"column":8},"end":{"line":152,"column":99}},{"start":{"line":152,"column":8},"end":{"line":152,"column":99}}],"line":152},"33":{"loc":{"start":{"line":153,"column":8},"end":{"line":153,"column":94}},"type":"if","locations":[{"start":{"line":153,"column":8},"end":{"line":153,"column":94}},{"start":{"line":153,"column":8},"end":{"line":153,"column":94}}],"line":153},"34":{"loc":{"start":{"line":154,"column":8},"end":{"line":154,"column":119}},"type":"if","locations":[{"start":{"line":154,"column":8},"end":{"line":154,"column":119}},{"start":{"line":154,"column":8},"end":{"line":154,"column":119}}],"line":154},"35":{"loc":{"start":{"line":155,"column":8},"end":{"line":155,"column":114}},"type":"if","locations":[{"start":{"line":155,"column":8},"end":{"line":155,"column":114}},{"start":{"line":155,"column":8},"end":{"line":155,"column":114}}],"line":155},"36":{"loc":{"start":{"line":156,"column":8},"end":{"line":156,"column":116}},"type":"if","locations":[{"start":{"line":156,"column":8},"end":{"line":156,"column":116}},{"start":{"line":156,"column":8},"end":{"line":156,"column":116}}],"line":156},"37":{"loc":{"start":{"line":162,"column":16},"end":{"line":162,"column":79}},"type":"if","locations":[{"start":{"line":162,"column":16},"end":{"line":162,"column":79}},{"start":{"line":162,"column":16},"end":{"line":162,"column":79}}],"line":162},"38":{"loc":{"start":{"line":163,"column":16},"end":{"line":163,"column":106}},"type":"if","locations":[{"start":{"line":163,"column":16},"end":{"line":163,"column":106}},{"start":{"line":163,"column":16},"end":{"line":163,"column":106}}],"line":163},"39":{"loc":{"start":{"line":168,"column":24},"end":{"line":168,"column":87}},"type":"if","locations":[{"start":{"line":168,"column":24},"end":{"line":168,"column":87}},{"start":{"line":168,"column":24},"end":{"line":168,"column":87}}],"line":168},"40":{"loc":{"start":{"line":169,"column":24},"end":{"line":169,"column":115}},"type":"if","locations":[{"start":{"line":169,"column":24},"end":{"line":169,"column":115}},{"start":{"line":169,"column":24},"end":{"line":169,"column":115}}],"line":169},"41":{"loc":{"start":{"line":171,"column":28},"end":{"line":171,"column":91}},"type":"if","locations":[{"start":{"line":171,"column":28},"end":{"line":171,"column":91}},{"start":{"line":171,"column":28},"end":{"line":171,"column":91}}],"line":171},"42":{"loc":{"start":{"line":172,"column":28},"end":{"line":172,"column":118}},"type":"if","locations":[{"start":{"line":172,"column":28},"end":{"line":172,"column":118}},{"start":{"line":172,"column":28},"end":{"line":172,"column":118}}],"line":172},"43":{"loc":{"start":{"line":176,"column":36},"end":{"line":176,"column":119}},"type":"if","locations":[{"start":{"line":176,"column":36},"end":{"line":176,"column":119}},{"start":{"line":176,"column":36},"end":{"line":176,"column":119}}],"line":176},"44":{"loc":{"start":{"line":189,"column":44},"end":{"line":189,"column":107}},"type":"if","locations":[{"start":{"line":189,"column":44},"end":{"line":189,"column":107}},{"start":{"line":189,"column":44},"end":{"line":189,"column":107}}],"line":189},"45":{"loc":{"start":{"line":192,"column":48},"end":{"line":192,"column":111}},"type":"if","locations":[{"start":{"line":192,"column":48},"end":{"line":192,"column":111}},{"start":{"line":192,"column":48},"end":{"line":192,"column":111}}],"line":192},"46":{"loc":{"start":{"line":225,"column":4},"end":{"line":225,"column":35}},"type":"if","locations":[{"start":{"line":225,"column":4},"end":{"line":225,"column":35}},{"start":{"line":225,"column":4},"end":{"line":225,"column":35}}],"line":225},"47":{"loc":{"start":{"line":226,"column":4},"end":{"line":226,"column":37}},"type":"if","locations":[{"start":{"line":226,"column":4},"end":{"line":226,"column":37}},{"start":{"line":226,"column":4},"end":{"line":226,"column":37}}],"line":226},"48":{"loc":{"start":{"line":227,"column":4},"end":{"line":227,"column":118}},"type":"if","locations":[{"start":{"line":227,"column":4},"end":{"line":227,"column":118}},{"start":{"line":227,"column":4},"end":{"line":227,"column":118}}],"line":227},"49":{"loc":{"start":{"line":228,"column":4},"end":{"line":228,"column":105}},"type":"if","locations":[{"start":{"line":228,"column":4},"end":{"line":228,"column":105}},{"start":{"line":228,"column":4},"end":{"line":228,"column":105}}],"line":228},"50":{"loc":{"start":{"line":231,"column":8},"end":{"line":231,"column":68}},"type":"if","locations":[{"start":{"line":231,"column":8},"end":{"line":231,"column":68}},{"start":{"line":231,"column":8},"end":{"line":231,"column":68}}],"line":231},"51":{"loc":{"start":{"line":232,"column":26},"end":{"line":232,"column":120}},"type":"cond-expr","locations":[{"start":{"line":232,"column":41},"end":{"line":232,"column":78}},{"start":{"line":232,"column":81},"end":{"line":232,"column":120}}],"line":232},"52":{"loc":{"start":{"line":235,"column":14},"end":{"line":235,"column":58}},"type":"cond-expr","locations":[{"start":{"line":235,"column":29},"end":{"line":235,"column":41}},{"start":{"line":235,"column":44},"end":{"line":235,"column":58}}],"line":235},"53":{"loc":{"start":{"line":237,"column":16},"end":{"line":237,"column":76}},"type":"if","locations":[{"start":{"line":237,"column":16},"end":{"line":237,"column":76}},{"start":{"line":237,"column":16},"end":{"line":237,"column":76}}],"line":237},"54":{"loc":{"start":{"line":238,"column":16},"end":{"line":238,"column":110}},"type":"if","locations":[{"start":{"line":238,"column":16},"end":{"line":238,"column":110}},{"start":{"line":238,"column":16},"end":{"line":238,"column":110}}],"line":238},"55":{"loc":{"start":{"line":240,"column":20},"end":{"line":240,"column":99}},"type":"if","locations":[{"start":{"line":240,"column":20},"end":{"line":240,"column":99}},{"start":{"line":240,"column":20},"end":{"line":240,"column":99}}],"line":240},"56":{"loc":{"start":{"line":241,"column":20},"end":{"line":323,"column":21}},"type":"if","locations":[{"start":{"line":241,"column":20},"end":{"line":323,"column":21}},{"start":{"line":241,"column":20},"end":{"line":323,"column":21}}],"line":241},"57":{"loc":{"start":{"line":246,"column":32},"end":{"line":246,"column":92}},"type":"if","locations":[{"start":{"line":246,"column":32},"end":{"line":246,"column":92}},{"start":{"line":246,"column":32},"end":{"line":246,"column":92}}],"line":246},"58":{"loc":{"start":{"line":248,"column":32},"end":{"line":319,"column":33}},"type":"if","locations":[{"start":{"line":248,"column":32},"end":{"line":319,"column":33}},{"start":{"line":248,"column":32},"end":{"line":319,"column":33}}],"line":248},"59":{"loc":{"start":{"line":250,"column":40},"end":{"line":250,"column":100}},"type":"if","locations":[{"start":{"line":250,"column":40},"end":{"line":250,"column":100}},{"start":{"line":250,"column":40},"end":{"line":250,"column":100}}],"line":250},"60":{"loc":{"start":{"line":252,"column":40},"end":{"line":298,"column":41}},"type":"if","locations":[{"start":{"line":252,"column":40},"end":{"line":298,"column":41}},{"start":{"line":252,"column":40},"end":{"line":298,"column":41}}],"line":252},"61":{"loc":{"start":{"line":254,"column":44},"end":{"line":261,"column":45}},"type":"if","locations":[{"start":{"line":254,"column":44},"end":{"line":261,"column":45}},{"start":{"line":254,"column":44},"end":{"line":261,"column":45}}],"line":254},"62":{"loc":{"start":{"line":254,"column":48},"end":{"line":254,"column":117}},"type":"binary-expr","locations":[{"start":{"line":254,"column":48},"end":{"line":254,"column":79}},{"start":{"line":254,"column":83},"end":{"line":254,"column":117}}],"line":254}},"s":{"0":1,"1":1,"2":1,"3":1,"4":1,"5":1,"6":1,"7":1,"8":1,"9":0,"10":0,"11":0,"12":0,"13":0,"14":0,"15":0,"16":0,"17":0,"18":0,"19":0,"20":0,"21":0,"22":0,"23":0,"24":0,"25":0,"26":0,"27":0,"28":0,"29":0,"30":0,"31":0,"32":0,"33":0,"34":0,"35":0,"36":0,"37":0,"38":0,"39":0,"40":0,"41":0,"42":0,"43":1,"44":0,"45":0,"46":0,"47":0,"48":0,"49":0,"50":0,"51":0,"52":0,"53":0,"54":0,"55":0,"56":0,"57":0,"58":0,"59":0,"60":0,"61":0,"62":0,"63":0,"64":0,"65":0,"66":0,"67":0,"68":0,"69":0,"70":0,"71":0,"72":0,"73":0,"74":0,"75":0,"76":0,"77":0,"78":0,"79":0,"80":0,"81":0,"82":0,"83":0,"84":0,"85":0,"86":0,"87":0,"88":1,"89":0,"90":0,"91":0,"92":0,"93":0,"94":0,"95":0,"96":0,"97":0,"98":0,"99":0,"100":0,"101":0,"102":0,"103":0,"104":0,"105":0,"106":0,"107":0,"108":0,"109":0,"110":0,"111":0,"112":0,"113":0,"114":0,"115":0,"116":0,"117":0,"118":0,"119":0,"120":0,"121":0,"122":0,"123":0,"124":0,"125":0,"126":0,"127":0,"128":0,"129":0,"130":0,"131":0,"132":0,"133":0,"134":0,"135":0,"136":0,"137":1,"138":0,"139":0,"140":0,"141":0,"142":0,"143":0,"144":0,"145":0,"146":0,"147":0,"148":0,"149":0,"150":0,"151":0,"152":0,"153":0,"154":0,"155":0,"156":0,"157":0,"158":0,"159":0,"160":0,"161":0,"162":0,"163":0,"164":0,"165":0,"166":0,"167":0,"168":0,"169":0,"170":0,"171":0,"172":0,"173":0,"174":0,"175":0,"176":0,"177":0,"178":0,"179":0,"180":0,"181":0,"182":0,"183":1},"f":{"0":0,"1":0,"2":0,"3":0,"4":0,"5":0,"6":0,"7":0,"8":0,"9":0,"10":0,"11":0,"12":0,"13":0,"14":0,"15":0,"16":0,"17":0,"18":0,"19":0,"20":0,"21":0,"22":0,"23":0,"24":0,"25":0,"26":0,"27":0,"28":0,"29":0,"30":0},"b":{"0":[0,0],"1":[0,0],"2":[0,0],"3":[0,0],"4":[0,0],"5":[0,0],"6":[0,0],"7":[0,0],"8":[0,0],"9":[0,0],"10":[0,0],"11":[0,0],"12":[0,0],"13":[0,0],"14":[0,0],"15":[0,0],"16":[0,0],"17":[0,0],"18":[0,0],"19":[0,0],"20":[0,0],"21":[0,0],"22":[0,0],"23":[0,0],"24":[0,0],"25":[0,0],"26":[0,0],"27":[0,0],"28":[0,0],"29":[0,0],"30":[0,0],"31":[0,0],"32":[0,0],"33":[0,0],"34":[0,0],"35":[0,0],"36":[0,0],"37":[0,0],"38":[0,0],"39":[0,0],"40":[0,0],"41":[0,0],"42":[0,0],"43":[0,0],"44":[0,0],"45":[0,0],"46":[0,0],"47":[0,0],"48":[0,0],"49":[0,0],"50":[0,0],"51":[0,0],"52":[0,0],"53":[0,0],"54":[0,0],"55":[0,0],"56":[0,0],"57":[0,0],"58":[0,0],"59":[0,0],"60":[0,0],"61":[0,0],"62":[0,0]},"_coverageSchema":"1a1c01bbd47fc00a2c39e90264f33305004495a9","hash":"e794a4d36912b5e3b830ca7915fea28b5213f549","contentHash":"ea0f2a7a61dc50a82db4d1d126c1ee087947b48ad097ef189c8031f1910b5b39"},"C:\\Users\\pablo_8gxofc2\\Projects\\PROJETO-ES\\holo_health_systems\\back_end\\src\\mysql.js":{"path":"C:\\Users\\pablo_8gxofc2\\Projects\\PROJETO-ES\\holo_health_systems\\back_end\\src\\mysql.js","statementMap":{"0":{"start":{"line":1,"column":14},"end":{"line":1,"column":30}},"1":{"start":{"line":3,"column":11},"end":{"line":9,"column":2}},"2":{"start":{"line":11,"column":0},"end":{"line":11,"column":20}}},"fnMap":{},"branchMap":{},"s":{"0":1,"1":1,"2":1},"f":{},"b":{},"_coverageSchema":"1a1c01bbd47fc00a2c39e90264f33305004495a9","hash":"c7ea9711563814cee45c60d4de42deb7a739ad3e","contentHash":"3b883deea519692216cddbe1d77a830663542a5dbc7c8cb2609f2801972cebfb"},"C:\\Users\\pablo_8gxofc2\\Projects\\PROJETO-ES\\holo_health_systems\\back_end\\src\\middleware\\cadastro_medico.js":{"path":"C:\\Users\\pablo_8gxofc2\\Projects\\PROJETO-ES\\holo_health_systems\\back_end\\src\\middleware\\cadastro_medico.js","statementMap":{"0":{"start":{"line":1,"column":12},"end":{"line":1,"column":35}},"1":{"start":{"line":3,"column":0},"end":{"line":13,"column":1}},"2":{"start":{"line":4,"column":4},"end":{"line":11,"column":5}},"3":{"start":{"line":5,"column":22},"end":{"line":5,"column":61}},"4":{"start":{"line":6,"column":23},"end":{"line":6,"column":68}},"5":{"start":{"line":7,"column":8},"end":{"line":7,"column":28}},"6":{"start":{"line":8,"column":8},"end":{"line":8,"column":14}},"7":{"start":{"line":10,"column":8},"end":{"line":10,"column":78}}},"fnMap":{"0":{"name":"(anonymous_0)","decl":{"start":{"line":3,"column":17},"end":{"line":3,"column":18}},"loc":{"start":{"line":3,"column":33},"end":{"line":13,"column":1}},"line":3}},"branchMap":{},"s":{"0":1,"1":1,"2":0,"3":0,"4":0,"5":0,"6":0,"7":0},"f":{"0":0},"b":{},"_coverageSchema":"1a1c01bbd47fc00a2c39e90264f33305004495a9","hash":"cbda1bb0ad3a0a855f45241bc28ce13fc8463aec","contentHash":"0fdb952a090cc82c59cd2f2d466a59a1254b2260f0deb7788fb9c6f5e4e3d745"},"C:\\Users\\pablo_8gxofc2\\Projects\\PROJETO-ES\\holo_health_systems\\back_end\\src\\middleware\\cadastro_gerente.js":{"path":"C:\\Users\\pablo_8gxofc2\\Projects\\PROJETO-ES\\holo_health_systems\\back_end\\src\\middleware\\cadastro_gerente.js","statementMap":{"0":{"start":{"line":1,"column":12},"end":{"line":1,"column":35}},"1":{"start":{"line":3,"column":0},"end":{"line":13,"column":1}},"2":{"start":{"line":4,"column":4},"end":{"line":11,"column":5}},"3":{"start":{"line":5,"column":22},"end":{"line":5,"column":61}},"4":{"start":{"line":6,"column":23},"end":{"line":6,"column":67}},"5":{"start":{"line":7,"column":8},"end":{"line":7,"column":28}},"6":{"start":{"line":8,"column":8},"end":{"line":8,"column":14}},"7":{"start":{"line":10,"column":8},"end":{"line":10,"column":78}}},"fnMap":{"0":{"name":"(anonymous_0)","decl":{"start":{"line":3,"column":17},"end":{"line":3,"column":18}},"loc":{"start":{"line":3,"column":33},"end":{"line":13,"column":1}},"line":3}},"branchMap":{},"s":{"0":1,"1":1,"2":0,"3":0,"4":0,"5":0,"6":0,"7":0},"f":{"0":0},"b":{},"_coverageSchema":"1a1c01bbd47fc00a2c39e90264f33305004495a9","hash":"93aa4dea81c5a5c80482cd925af90f68ff9b341a","contentHash":"60e4a0e6005488b88db8d98aa1096694c8072b35b7667d027881884b64cfea9a"},"C:\\Users\\pablo_8gxofc2\\Projects\\PROJETO-ES\\holo_health_systems\\back_end\\src\\routes\\estado.js":{"path":"C:\\Users\\pablo_8gxofc2\\Projects\\PROJETO-ES\\holo_health_systems\\back_end\\src\\routes\\estado.js","statementMap":{"0":{"start":{"line":1,"column":16},"end":{"line":1,"column":34}},"1":{"start":{"line":2,"column":15},"end":{"line":2,"column":31}},"2":{"start":{"line":3,"column":13},"end":{"line":3,"column":37}},"3":{"start":{"line":5,"column":16},"end":{"line":5,"column":58}},"4":{"start":{"line":6,"column":16},"end":{"line":6,"column":54}},"5":{"start":{"line":7,"column":15},"end":{"line":7,"column":52}},"6":{"start":{"line":8,"column":16},"end":{"line":8,"column":54}},"7":{"start":{"line":11,"column":0},"end":{"line":31,"column":2}},"8":{"start":{"line":12,"column":4},"end":{"line":30,"column":6}},"9":{"start":{"line":13,"column":8},"end":{"line":13,"column":68}},"10":{"start":{"line":13,"column":21},"end":{"line":13,"column":66}},"11":{"start":{"line":14,"column":8},"end":{"line":29,"column":14}},"12":{"start":{"line":17,"column":16},"end":{"line":17,"column":30}},"13":{"start":{"line":18,"column":16},"end":{"line":18,"column":76}},"14":{"start":{"line":18,"column":29},"end":{"line":18,"column":74}},"15":{"start":{"line":19,"column":33},"end":{"line":26,"column":17}},"16":{"start":{"line":21,"column":24},"end":{"line":24,"column":25}},"17":{"start":{"line":28,"column":16},"end":{"line":28,"column":53}},"18":{"start":{"line":42,"column":0},"end":{"line":69,"column":2}},"19":{"start":{"line":44,"column":4},"end":{"line":44,"column":82}},"20":{"start":{"line":44,"column":26},"end":{"line":44,"column":80}},"21":{"start":{"line":46,"column":4},"end":{"line":68,"column":6}},"22":{"start":{"line":47,"column":8},"end":{"line":47,"column":68}},"23":{"start":{"line":47,"column":21},"end":{"line":47,"column":66}},"24":{"start":{"line":48,"column":8},"end":{"line":67,"column":9}},"25":{"start":{"line":52,"column":16},"end":{"line":52,"column":76}},"26":{"start":{"line":52,"column":29},"end":{"line":52,"column":74}},"27":{"start":{"line":53,"column":16},"end":{"line":53,"column":109}},"28":{"start":{"line":53,"column":42},"end":{"line":53,"column":107}},"29":{"start":{"line":54,"column":16},"end":{"line":65,"column":17}},"30":{"start":{"line":58,"column":24},"end":{"line":58,"column":84}},"31":{"start":{"line":58,"column":37},"end":{"line":58,"column":82}},"32":{"start":{"line":59,"column":41},"end":{"line":62,"column":25}},"33":{"start":{"line":63,"column":24},"end":{"line":63,"column":61}},"34":{"start":{"line":81,"column":0},"end":{"line":110,"column":2}},"35":{"start":{"line":83,"column":4},"end":{"line":83,"column":103}},"36":{"start":{"line":83,"column":31},"end":{"line":83,"column":101}},"37":{"start":{"line":84,"column":4},"end":{"line":84,"column":87}},"38":{"start":{"line":84,"column":26},"end":{"line":84,"column":85}},"39":{"start":{"line":86,"column":4},"end":{"line":109,"column":6}},"40":{"start":{"line":87,"column":8},"end":{"line":87,"column":68}},"41":{"start":{"line":87,"column":21},"end":{"line":87,"column":66}},"42":{"start":{"line":88,"column":8},"end":{"line":108,"column":10}},"43":{"start":{"line":89,"column":12},"end":{"line":89,"column":72}},"44":{"start":{"line":89,"column":25},"end":{"line":89,"column":70}},"45":{"start":{"line":90,"column":12},"end":{"line":90,"column":107}},"46":{"start":{"line":90,"column":39},"end":{"line":90,"column":105}},"47":{"start":{"line":91,"column":12},"end":{"line":107,"column":14}},"48":{"start":{"line":92,"column":16},"end":{"line":92,"column":76}},"49":{"start":{"line":92,"column":29},"end":{"line":92,"column":74}},"50":{"start":{"line":93,"column":16},"end":{"line":93,"column":108}},"51":{"start":{"line":93,"column":41},"end":{"line":93,"column":106}},"52":{"start":{"line":94,"column":16},"end":{"line":106,"column":18}},"53":{"start":{"line":95,"column":20},"end":{"line":95,"column":34}},"54":{"start":{"line":96,"column":20},"end":{"line":96,"column":80}},"55":{"start":{"line":96,"column":33},"end":{"line":96,"column":78}},"56":{"start":{"line":97,"column":37},"end":{"line":104,"column":21}},"57":{"start":{"line":105,"column":20},"end":{"line":105,"column":57}},"58":{"start":{"line":119,"column":0},"end":{"line":134,"column":2}},"59":{"start":{"line":121,"column":4},"end":{"line":121,"column":118}},"60":{"start":{"line":121,"column":31},"end":{"line":121,"column":116}},"61":{"start":{"line":123,"column":4},"end":{"line":133,"column":6}},"62":{"start":{"line":124,"column":8},"end":{"line":124,"column":68}},"63":{"start":{"line":124,"column":21},"end":{"line":124,"column":66}},"64":{"start":{"line":125,"column":8},"end":{"line":132,"column":9}},"65":{"start":{"line":129,"column":16},"end":{"line":129,"column":76}},"66":{"start":{"line":129,"column":29},"end":{"line":129,"column":74}},"67":{"start":{"line":130,"column":16},"end":{"line":130,"column":81}},"68":{"start":{"line":135,"column":0},"end":{"line":135,"column":23}}},"fnMap":{"0":{"name":"(anonymous_0)","decl":{"start":{"line":11,"column":25},"end":{"line":11,"column":26}},"loc":{"start":{"line":11,"column":45},"end":{"line":31,"column":1}},"line":11},"1":{"name":"(anonymous_1)","decl":{"start":{"line":12,"column":23},"end":{"line":12,"column":24}},"loc":{"start":{"line":12,"column":40},"end":{"line":30,"column":5}},"line":12},"2":{"name":"(anonymous_2)","decl":{"start":{"line":16,"column":12},"end":{"line":16,"column":13}},"loc":{"start":{"line":16,"column":40},"end":{"line":29,"column":13}},"line":16},"3":{"name":"(anonymous_3)","decl":{"start":{"line":20,"column":41},"end":{"line":20,"column":42}},"loc":{"start":{"line":20,"column":51},"end":{"line":25,"column":21}},"line":20},"4":{"name":"(anonymous_4)","decl":{"start":{"line":42,"column":25},"end":{"line":42,"column":26}},"loc":{"start":{"line":42,"column":45},"end":{"line":69,"column":1}},"line":42},"5":{"name":"(anonymous_5)","decl":{"start":{"line":46,"column":23},"end":{"line":46,"column":24}},"loc":{"start":{"line":46,"column":40},"end":{"line":68,"column":5}},"line":46},"6":{"name":"(anonymous_6)","decl":{"start":{"line":51,"column":12},"end":{"line":51,"column":13}},"loc":{"start":{"line":51,"column":40},"end":{"line":66,"column":13}},"line":51},"7":{"name":"(anonymous_7)","decl":{"start":{"line":57,"column":20},"end":{"line":57,"column":21}},"loc":{"start":{"line":57,"column":46},"end":{"line":64,"column":21}},"line":57},"8":{"name":"(anonymous_8)","decl":{"start":{"line":81,"column":26},"end":{"line":81,"column":27}},"loc":{"start":{"line":81,"column":46},"end":{"line":110,"column":1}},"line":81},"9":{"name":"(anonymous_9)","decl":{"start":{"line":86,"column":23},"end":{"line":86,"column":24}},"loc":{"start":{"line":86,"column":40},"end":{"line":109,"column":5}},"line":86},"10":{"name":"(anonymous_10)","decl":{"start":{"line":88,"column":85},"end":{"line":88,"column":86}},"loc":{"start":{"line":88,"column":113},"end":{"line":108,"column":9}},"line":88},"11":{"name":"(anonymous_11)","decl":{"start":{"line":91,"column":79},"end":{"line":91,"column":80}},"loc":{"start":{"line":91,"column":105},"end":{"line":107,"column":13}},"line":91},"12":{"name":"(anonymous_12)","decl":{"start":{"line":94,"column":114},"end":{"line":94,"column":115}},"loc":{"start":{"line":94,"column":138},"end":{"line":106,"column":17}},"line":94},"13":{"name":"(anonymous_13)","decl":{"start":{"line":119,"column":27},"end":{"line":119,"column":28}},"loc":{"start":{"line":119,"column":47},"end":{"line":134,"column":1}},"line":119},"14":{"name":"(anonymous_14)","decl":{"start":{"line":123,"column":23},"end":{"line":123,"column":24}},"loc":{"start":{"line":123,"column":40},"end":{"line":133,"column":5}},"line":123},"15":{"name":"(anonymous_15)","decl":{"start":{"line":128,"column":12},"end":{"line":128,"column":13}},"loc":{"start":{"line":128,"column":38},"end":{"line":131,"column":13}},"line":128}},"branchMap":{"0":{"loc":{"start":{"line":13,"column":8},"end":{"line":13,"column":68}},"type":"if","locations":[{"start":{"line":13,"column":8},"end":{"line":13,"column":68}},{"start":{"line":13,"column":8},"end":{"line":13,"column":68}}],"line":13},"1":{"loc":{"start":{"line":18,"column":16},"end":{"line":18,"column":76}},"type":"if","locations":[{"start":{"line":18,"column":16},"end":{"line":18,"column":76}},{"start":{"line":18,"column":16},"end":{"line":18,"column":76}}],"line":18},"2":{"loc":{"start":{"line":44,"column":4},"end":{"line":44,"column":82}},"type":"if","locations":[{"start":{"line":44,"column":4},"end":{"line":44,"column":82}},{"start":{"line":44,"column":4},"end":{"line":44,"column":82}}],"line":44},"3":{"loc":{"start":{"line":47,"column":8},"end":{"line":47,"column":68}},"type":"if","locations":[{"start":{"line":47,"column":8},"end":{"line":47,"column":68}},{"start":{"line":47,"column":8},"end":{"line":47,"column":68}}],"line":47},"4":{"loc":{"start":{"line":52,"column":16},"end":{"line":52,"column":76}},"type":"if","locations":[{"start":{"line":52,"column":16},"end":{"line":52,"column":76}},{"start":{"line":52,"column":16},"end":{"line":52,"column":76}}],"line":52},"5":{"loc":{"start":{"line":53,"column":16},"end":{"line":53,"column":109}},"type":"if","locations":[{"start":{"line":53,"column":16},"end":{"line":53,"column":109}},{"start":{"line":53,"column":16},"end":{"line":53,"column":109}}],"line":53},"6":{"loc":{"start":{"line":58,"column":24},"end":{"line":58,"column":84}},"type":"if","locations":[{"start":{"line":58,"column":24},"end":{"line":58,"column":84}},{"start":{"line":58,"column":24},"end":{"line":58,"column":84}}],"line":58},"7":{"loc":{"start":{"line":83,"column":4},"end":{"line":83,"column":103}},"type":"if","locations":[{"start":{"line":83,"column":4},"end":{"line":83,"column":103}},{"start":{"line":83,"column":4},"end":{"line":83,"column":103}}],"line":83},"8":{"loc":{"start":{"line":84,"column":4},"end":{"line":84,"column":87}},"type":"if","locations":[{"start":{"line":84,"column":4},"end":{"line":84,"column":87}},{"start":{"line":84,"column":4},"end":{"line":84,"column":87}}],"line":84},"9":{"loc":{"start":{"line":87,"column":8},"end":{"line":87,"column":68}},"type":"if","locations":[{"start":{"line":87,"column":8},"end":{"line":87,"column":68}},{"start":{"line":87,"column":8},"end":{"line":87,"column":68}}],"line":87},"10":{"loc":{"start":{"line":89,"column":12},"end":{"line":89,"column":72}},"type":"if","locations":[{"start":{"line":89,"column":12},"end":{"line":89,"column":72}},{"start":{"line":89,"column":12},"end":{"line":89,"column":72}}],"line":89},"11":{"loc":{"start":{"line":90,"column":12},"end":{"line":90,"column":107}},"type":"if","locations":[{"start":{"line":90,"column":12},"end":{"line":90,"column":107}},{"start":{"line":90,"column":12},"end":{"line":90,"column":107}}],"line":90},"12":{"loc":{"start":{"line":92,"column":16},"end":{"line":92,"column":76}},"type":"if","locations":[{"start":{"line":92,"column":16},"end":{"line":92,"column":76}},{"start":{"line":92,"column":16},"end":{"line":92,"column":76}}],"line":92},"13":{"loc":{"start":{"line":93,"column":16},"end":{"line":93,"column":108}},"type":"if","locations":[{"start":{"line":93,"column":16},"end":{"line":93,"column":108}},{"start":{"line":93,"column":16},"end":{"line":93,"column":108}}],"line":93},"14":{"loc":{"start":{"line":96,"column":20},"end":{"line":96,"column":80}},"type":"if","locations":[{"start":{"line":96,"column":20},"end":{"line":96,"column":80}},{"start":{"line":96,"column":20},"end":{"line":96,"column":80}}],"line":96},"15":{"loc":{"start":{"line":121,"column":4},"end":{"line":121,"column":118}},"type":"if","locations":[{"start":{"line":121,"column":4},"end":{"line":121,"column":118}},{"start":{"line":121,"column":4},"end":{"line":121,"column":118}}],"line":121},"16":{"loc":{"start":{"line":124,"column":8},"end":{"line":124,"column":68}},"type":"if","locations":[{"start":{"line":124,"column":8},"end":{"line":124,"column":68}},{"start":{"line":124,"column":8},"end":{"line":124,"column":68}}],"line":124},"17":{"loc":{"start":{"line":129,"column":16},"end":{"line":129,"column":76}},"type":"if","locations":[{"start":{"line":129,"column":16},"end":{"line":129,"column":76}},{"start":{"line":129,"column":16},"end":{"line":129,"column":76}}],"line":129}},"s":{"0":1,"1":1,"2":1,"3":1,"4":1,"5":1,"6":1,"7":1,"8":0,"9":0,"10":0,"11":0,"12":0,"13":0,"14":0,"15":0,"16":0,"17":0,"18":1,"19":0,"20":0,"21":0,"22":0,"23":0,"24":0,"25":0,"26":0,"27":0,"28":0,"29":0,"30":0,"31":0,"32":0,"33":0,"34":1,"35":0,"36":0,"37":0,"38":0,"39":0,"40":0,"41":0,"42":0,"43":0,"44":0,"45":0,"46":0,"47":0,"48":0,"49":0,"50":0,"51":0,"52":0,"53":0,"54":0,"55":0,"56":0,"57":0,"58":1,"59":0,"60":0,"61":0,"62":0,"63":0,"64":0,"65":0,"66":0,"67":0,"68":1},"f":{"0":0,"1":0,"2":0,"3":0,"4":0,"5":0,"6":0,"7":0,"8":0,"9":0,"10":0,"11":0,"12":0,"13":0,"14":0,"15":0},"b":{"0":[0,0],"1":[0,0],"2":[0,0],"3":[0,0],"4":[0,0],"5":[0,0],"6":[0,0],"7":[0,0],"8":[0,0],"9":[0,0],"10":[0,0],"11":[0,0],"12":[0,0],"13":[0,0],"14":[0,0],"15":[0,0],"16":[0,0],"17":[0,0]},"_coverageSchema":"1a1c01bbd47fc00a2c39e90264f33305004495a9","hash":"e74a4a35f99cb98e9f52c7b2c162016848c89c18","contentHash":"3a9d3228676feb819adfa59675294e6bd87aaba480487e7b56aef13850587d60"},"C:\\Users\\pablo_8gxofc2\\Projects\\PROJETO-ES\\holo_health_systems\\back_end\\src\\middleware\\login_paciente_op.js":{"path":"C:\\Users\\pablo_8gxofc2\\Projects\\PROJETO-ES\\holo_health_systems\\back_end\\src\\middleware\\login_paciente_op.js","statementMap":{"0":{"start":{"line":1,"column":13},"end":{"line":1,"column":36}},"1":{"start":{"line":2,"column":15},"end":{"line":2,"column":43}},"2":{"start":{"line":3,"column":0},"end":{"line":12,"column":1}},"3":{"start":{"line":4,"column":4},"end":{"line":11,"column":5}},"4":{"start":{"line":5,"column":22},"end":{"line":5,"column":61}},"5":{"start":{"line":6,"column":23},"end":{"line":6,"column":69}},"6":{"start":{"line":7,"column":8},"end":{"line":7,"column":28}},"7":{"start":{"line":8,"column":8},"end":{"line":8,"column":14}},"8":{"start":{"line":10,"column":8},"end":{"line":10,"column":28}}},"fnMap":{"0":{"name":"(anonymous_0)","decl":{"start":{"line":3,"column":17},"end":{"line":3,"column":18}},"loc":{"start":{"line":3,"column":33},"end":{"line":12,"column":1}},"line":3}},"branchMap":{},"s":{"0":1,"1":1,"2":1,"3":0,"4":0,"5":0,"6":0,"7":0,"8":0},"f":{"0":0},"b":{},"_coverageSchema":"1a1c01bbd47fc00a2c39e90264f33305004495a9","hash":"bdf761d576623fb574914ba4ba457b8587782619","contentHash":"8950b49c18c2c72663ee8dd31ffb48b6dbf5964650ef8072b56e14d46690c3a3"},"C:\\Users\\pablo_8gxofc2\\Projects\\PROJETO-ES\\holo_health_systems\\back_end\\src\\middleware\\login_medico_op.js":{"path":"C:\\Users\\pablo_8gxofc2\\Projects\\PROJETO-ES\\holo_health_systems\\back_end\\src\\middleware\\login_medico_op.js","statementMap":{"0":{"start":{"line":1,"column":13},"end":{"line":1,"column":36}},"1":{"start":{"line":2,"column":16},"end":{"line":2,"column":42}},"2":{"start":{"line":3,"column":0},"end":{"line":12,"column":1}},"3":{"start":{"line":4,"column":4},"end":{"line":11,"column":5}},"4":{"start":{"line":5,"column":22},"end":{"line":5,"column":61}},"5":{"start":{"line":6,"column":23},"end":{"line":6,"column":67}},"6":{"start":{"line":7,"column":8},"end":{"line":7,"column":28}},"7":{"start":{"line":8,"column":8},"end":{"line":8,"column":14}},"8":{"start":{"line":10,"column":8},"end":{"line":10,"column":29}}},"fnMap":{"0":{"name":"(anonymous_0)","decl":{"start":{"line":3,"column":17},"end":{"line":3,"column":18}},"loc":{"start":{"line":3,"column":33},"end":{"line":12,"column":1}},"line":3}},"branchMap":{},"s":{"0":1,"1":1,"2":1,"3":0,"4":0,"5":0,"6":0,"7":0,"8":0},"f":{"0":0},"b":{},"_coverageSchema":"1a1c01bbd47fc00a2c39e90264f33305004495a9","hash":"827eec9b1c7eca9ff822be40e7266ae428ae209a","contentHash":"d96040093a969702afabf5acdcb4b396e61d8e8fb8bc76d8f785d65b59617496"},"C:\\Users\\pablo_8gxofc2\\Projects\\PROJETO-ES\\holo_health_systems\\back_end\\src\\middleware\\login_gerente.js":{"path":"C:\\Users\\pablo_8gxofc2\\Projects\\PROJETO-ES\\holo_health_systems\\back_end\\src\\middleware\\login_gerente.js","statementMap":{"0":{"start":{"line":1,"column":13},"end":{"line":1,"column":36}},"1":{"start":{"line":2,"column":0},"end":{"line":11,"column":1}},"2":{"start":{"line":3,"column":4},"end":{"line":10,"column":5}},"3":{"start":{"line":4,"column":22},"end":{"line":4,"column":61}},"4":{"start":{"line":5,"column":23},"end":{"line":5,"column":68}},"5":{"start":{"line":6,"column":8},"end":{"line":6,"column":28}},"6":{"start":{"line":7,"column":8},"end":{"line":7,"column":14}},"7":{"start":{"line":9,"column":8},"end":{"line":9,"column":73}}},"fnMap":{"0":{"name":"(anonymous_0)","decl":{"start":{"line":2,"column":17},"end":{"line":2,"column":18}},"loc":{"start":{"line":2,"column":33},"end":{"line":11,"column":1}},"line":2}},"branchMap":{},"s":{"0":1,"1":1,"2":0,"3":0,"4":0,"5":0,"6":0,"7":0},"f":{"0":0},"b":{},"_coverageSchema":"1a1c01bbd47fc00a2c39e90264f33305004495a9","hash":"5020eac0b78c1d43253ef7fb35cbc25b1325d930","contentHash":"796e2706d0df1a6ca30ad924d0db703008f177fe53099431748133279392124b"},"C:\\Users\\pablo_8gxofc2\\Projects\\PROJETO-ES\\holo_health_systems\\back_end\\src\\middleware\\login_mestre.js":{"path":"C:\\Users\\pablo_8gxofc2\\Projects\\PROJETO-ES\\holo_health_systems\\back_end\\src\\middleware\\login_mestre.js","statementMap":{"0":{"start":{"line":1,"column":13},"end":{"line":1,"column":36}},"1":{"start":{"line":2,"column":0},"end":{"line":11,"column":1}},"2":{"start":{"line":3,"column":4},"end":{"line":10,"column":5}},"3":{"start":{"line":4,"column":22},"end":{"line":4,"column":61}},"4":{"start":{"line":5,"column":23},"end":{"line":5,"column":67}},"5":{"start":{"line":6,"column":8},"end":{"line":6,"column":28}},"6":{"start":{"line":7,"column":8},"end":{"line":7,"column":14}},"7":{"start":{"line":9,"column":8},"end":{"line":9,"column":73}}},"fnMap":{"0":{"name":"(anonymous_0)","decl":{"start":{"line":2,"column":17},"end":{"line":2,"column":18}},"loc":{"start":{"line":2,"column":33},"end":{"line":11,"column":1}},"line":2}},"branchMap":{},"s":{"0":1,"1":1,"2":0,"3":0,"4":0,"5":0,"6":0,"7":0},"f":{"0":0},"b":{},"_coverageSchema":"1a1c01bbd47fc00a2c39e90264f33305004495a9","hash":"002350484e9c3a4da609d56bb854c8f55ce44ca5","contentHash":"5f9529b4739555563f137d246851a1a1c93d37d6e259f7c3c4e4d48f034174c4"},"C:\\Users\\pablo_8gxofc2\\Projects\\PROJETO-ES\\holo_health_systems\\back_end\\src\\middleware\\login_usuario.js":{"path":"C:\\Users\\pablo_8gxofc2\\Projects\\PROJETO-ES\\holo_health_systems\\back_end\\src\\middleware\\login_usuario.js","statementMap":{"0":{"start":{"line":1,"column":13},"end":{"line":1,"column":36}},"1":{"start":{"line":2,"column":0},"end":{"line":32,"column":1}},"2":{"start":{"line":3,"column":4},"end":{"line":31,"column":5}},"3":{"start":{"line":4,"column":22},"end":{"line":4,"column":61}},"4":{"start":{"line":5,"column":23},"end":{"line":5,"column":69}},"5":{"start":{"line":6,"column":8},"end":{"line":6,"column":28}},"6":{"start":{"line":7,"column":8},"end":{"line":7,"column":14}},"7":{"start":{"line":9,"column":8},"end":{"line":30,"column":9}},"8":{"start":{"line":10,"column":26},"end":{"line":10,"column":65}},"9":{"start":{"line":11,"column":27},"end":{"line":11,"column":71}},"10":{"start":{"line":12,"column":12},"end":{"line":12,"column":32}},"11":{"start":{"line":13,"column":12},"end":{"line":13,"column":18}},"12":{"start":{"line":15,"column":12},"end":{"line":29,"column":13}},"13":{"start":{"line":16,"column":30},"end":{"line":16,"column":69}},"14":{"start":{"line":17,"column":31},"end":{"line":17,"column":75}},"15":{"start":{"line":18,"column":16},"end":{"line":18,"column":36}},"16":{"start":{"line":19,"column":16},"end":{"line":19,"column":22}},"17":{"start":{"line":21,"column":16},"end":{"line":28,"column":17}},"18":{"start":{"line":22,"column":34},"end":{"line":22,"column":73}},"19":{"start":{"line":23,"column":35},"end":{"line":23,"column":80}},"20":{"start":{"line":24,"column":20},"end":{"line":24,"column":40}},"21":{"start":{"line":25,"column":20},"end":{"line":25,"column":26}},"22":{"start":{"line":27,"column":20},"end":{"line":27,"column":85}}},"fnMap":{"0":{"name":"(anonymous_0)","decl":{"start":{"line":2,"column":17},"end":{"line":2,"column":18}},"loc":{"start":{"line":2,"column":33},"end":{"line":32,"column":1}},"line":2}},"branchMap":{},"s":{"0":1,"1":1,"2":0,"3":0,"4":0,"5":0,"6":0,"7":0,"8":0,"9":0,"10":0,"11":0,"12":0,"13":0,"14":0,"15":0,"16":0,"17":0,"18":0,"19":0,"20":0,"21":0,"22":0},"f":{"0":0},"b":{},"_coverageSchema":"1a1c01bbd47fc00a2c39e90264f33305004495a9","hash":"aa0e9c8eaee394b196ad2721c5a675c8ccbb9f80","contentHash":"71af81a641d29a05a25a0bd13bf9f19585a15770b844128d4dd1d71816b9f58f"},"C:\\Users\\pablo_8gxofc2\\Projects\\PROJETO-ES\\holo_health_systems\\back_end\\src\\routes\\cidade.js":{"path":"C:\\Users\\pablo_8gxofc2\\Projects\\PROJETO-ES\\holo_health_systems\\back_end\\src\\routes\\cidade.js","statementMap":{"0":{"start":{"line":1,"column":16},"end":{"line":1,"column":34}},"1":{"start":{"line":2,"column":15},"end":{"line":2,"column":31}},"2":{"start":{"line":3,"column":13},"end":{"line":3,"column":37}},"3":{"start":{"line":5,"column":16},"end":{"line":5,"column":58}},"4":{"start":{"line":6,"column":16},"end":{"line":6,"column":54}},"5":{"start":{"line":7,"column":15},"end":{"line":7,"column":52}},"6":{"start":{"line":8,"column":16},"end":{"line":8,"column":54}},"7":{"start":{"line":11,"column":0},"end":{"line":28,"column":2}},"8":{"start":{"line":12,"column":4},"end":{"line":27,"column":6}},"9":{"start":{"line":13,"column":8},"end":{"line":13,"column":68}},"10":{"start":{"line":13,"column":21},"end":{"line":13,"column":66}},"11":{"start":{"line":14,"column":8},"end":{"line":26,"column":10}},"12":{"start":{"line":15,"column":12},"end":{"line":15,"column":72}},"13":{"start":{"line":15,"column":25},"end":{"line":15,"column":70}},"14":{"start":{"line":16,"column":29},"end":{"line":24,"column":13}},"15":{"start":{"line":18,"column":20},"end":{"line":22,"column":21}},"16":{"start":{"line":25,"column":12},"end":{"line":25,"column":49}},"17":{"start":{"line":30,"column":0},"end":{"line":50,"column":2}},"18":{"start":{"line":31,"column":4},"end":{"line":49,"column":6}},"19":{"start":{"line":33,"column":8},"end":{"line":33,"column":92}},"20":{"start":{"line":33,"column":35},"end":{"line":33,"column":90}},"21":{"start":{"line":35,"column":8},"end":{"line":35,"column":68}},"22":{"start":{"line":35,"column":21},"end":{"line":35,"column":66}},"23":{"start":{"line":36,"column":8},"end":{"line":48,"column":10}},"24":{"start":{"line":37,"column":12},"end":{"line":37,"column":72}},"25":{"start":{"line":37,"column":25},"end":{"line":37,"column":70}},"26":{"start":{"line":38,"column":29},"end":{"line":46,"column":13}},"27":{"start":{"line":40,"column":20},"end":{"line":44,"column":21}},"28":{"start":{"line":47,"column":12},"end":{"line":47,"column":49}},"29":{"start":{"line":62,"column":0},"end":{"line":102,"column":2}},"30":{"start":{"line":64,"column":4},"end":{"line":64,"column":82}},"31":{"start":{"line":64,"column":26},"end":{"line":64,"column":80}},"32":{"start":{"line":65,"column":4},"end":{"line":65,"column":103}},"33":{"start":{"line":65,"column":31},"end":{"line":65,"column":101}},"34":{"start":{"line":67,"column":4},"end":{"line":101,"column":6}},"35":{"start":{"line":68,"column":8},"end":{"line":68,"column":68}},"36":{"start":{"line":68,"column":21},"end":{"line":68,"column":66}},"37":{"start":{"line":69,"column":8},"end":{"line":100,"column":9}},"38":{"start":{"line":73,"column":16},"end":{"line":73,"column":76}},"39":{"start":{"line":73,"column":29},"end":{"line":73,"column":74}},"40":{"start":{"line":74,"column":16},"end":{"line":74,"column":111}},"41":{"start":{"line":74,"column":43},"end":{"line":74,"column":109}},"42":{"start":{"line":75,"column":16},"end":{"line":98,"column":17}},"43":{"start":{"line":79,"column":24},"end":{"line":79,"column":84}},"44":{"start":{"line":79,"column":37},"end":{"line":79,"column":82}},"45":{"start":{"line":80,"column":24},"end":{"line":80,"column":117}},"46":{"start":{"line":80,"column":50},"end":{"line":80,"column":115}},"47":{"start":{"line":81,"column":24},"end":{"line":96,"column":25}},"48":{"start":{"line":85,"column":32},"end":{"line":85,"column":92}},"49":{"start":{"line":85,"column":45},"end":{"line":85,"column":90}},"50":{"start":{"line":86,"column":49},"end":{"line":93,"column":33}},"51":{"start":{"line":94,"column":32},"end":{"line":94,"column":69}},"52":{"start":{"line":114,"column":0},"end":{"line":145,"column":2}},"53":{"start":{"line":116,"column":4},"end":{"line":116,"column":82}},"54":{"start":{"line":116,"column":26},"end":{"line":116,"column":80}},"55":{"start":{"line":117,"column":4},"end":{"line":117,"column":103}},"56":{"start":{"line":117,"column":31},"end":{"line":117,"column":101}},"57":{"start":{"line":118,"column":4},"end":{"line":118,"column":103}},"58":{"start":{"line":118,"column":31},"end":{"line":118,"column":101}},"59":{"start":{"line":120,"column":4},"end":{"line":144,"column":6}},"60":{"start":{"line":121,"column":8},"end":{"line":121,"column":68}},"61":{"start":{"line":121,"column":21},"end":{"line":121,"column":66}},"62":{"start":{"line":122,"column":8},"end":{"line":143,"column":10}},"63":{"start":{"line":124,"column":12},"end":{"line":124,"column":72}},"64":{"start":{"line":124,"column":25},"end":{"line":124,"column":70}},"65":{"start":{"line":125,"column":12},"end":{"line":125,"column":107}},"66":{"start":{"line":125,"column":39},"end":{"line":125,"column":105}},"67":{"start":{"line":126,"column":12},"end":{"line":142,"column":14}},"68":{"start":{"line":127,"column":16},"end":{"line":127,"column":76}},"69":{"start":{"line":127,"column":29},"end":{"line":127,"column":74}},"70":{"start":{"line":128,"column":16},"end":{"line":128,"column":108}},"71":{"start":{"line":128,"column":41},"end":{"line":128,"column":106}},"72":{"start":{"line":129,"column":16},"end":{"line":141,"column":18}},"73":{"start":{"line":130,"column":20},"end":{"line":130,"column":34}},"74":{"start":{"line":131,"column":20},"end":{"line":131,"column":80}},"75":{"start":{"line":131,"column":33},"end":{"line":131,"column":78}},"76":{"start":{"line":132,"column":37},"end":{"line":139,"column":21}},"77":{"start":{"line":140,"column":20},"end":{"line":140,"column":57}},"78":{"start":{"line":155,"column":0},"end":{"line":168,"column":2}},"79":{"start":{"line":156,"column":4},"end":{"line":167,"column":6}},"80":{"start":{"line":157,"column":8},"end":{"line":157,"column":107}},"81":{"start":{"line":157,"column":35},"end":{"line":157,"column":105}},"82":{"start":{"line":158,"column":8},"end":{"line":158,"column":68}},"83":{"start":{"line":158,"column":21},"end":{"line":158,"column":66}},"84":{"start":{"line":159,"column":8},"end":{"line":166,"column":9}},"85":{"start":{"line":163,"column":16},"end":{"line":163,"column":76}},"86":{"start":{"line":163,"column":29},"end":{"line":163,"column":74}},"87":{"start":{"line":164,"column":16},"end":{"line":164,"column":81}},"88":{"start":{"line":169,"column":0},"end":{"line":169,"column":23}}},"fnMap":{"0":{"name":"(anonymous_0)","decl":{"start":{"line":11,"column":25},"end":{"line":11,"column":26}},"loc":{"start":{"line":11,"column":45},"end":{"line":28,"column":1}},"line":11},"1":{"name":"(anonymous_1)","decl":{"start":{"line":12,"column":23},"end":{"line":12,"column":24}},"loc":{"start":{"line":12,"column":40},"end":{"line":27,"column":5}},"line":12},"2":{"name":"(anonymous_2)","decl":{"start":{"line":14,"column":43},"end":{"line":14,"column":44}},"loc":{"start":{"line":14,"column":70},"end":{"line":26,"column":9}},"line":14},"3":{"name":"(anonymous_3)","decl":{"start":{"line":17,"column":37},"end":{"line":17,"column":38}},"loc":{"start":{"line":17,"column":47},"end":{"line":23,"column":17}},"line":17},"4":{"name":"(anonymous_4)","decl":{"start":{"line":30,"column":36},"end":{"line":30,"column":37}},"loc":{"start":{"line":30,"column":56},"end":{"line":50,"column":1}},"line":30},"5":{"name":"(anonymous_5)","decl":{"start":{"line":31,"column":23},"end":{"line":31,"column":24}},"loc":{"start":{"line":31,"column":40},"end":{"line":49,"column":5}},"line":31},"6":{"name":"(anonymous_6)","decl":{"start":{"line":36,"column":84},"end":{"line":36,"column":85}},"loc":{"start":{"line":36,"column":111},"end":{"line":48,"column":9}},"line":36},"7":{"name":"(anonymous_7)","decl":{"start":{"line":39,"column":37},"end":{"line":39,"column":38}},"loc":{"start":{"line":39,"column":47},"end":{"line":45,"column":17}},"line":39},"8":{"name":"(anonymous_8)","decl":{"start":{"line":62,"column":25},"end":{"line":62,"column":26}},"loc":{"start":{"line":62,"column":45},"end":{"line":102,"column":1}},"line":62},"9":{"name":"(anonymous_9)","decl":{"start":{"line":67,"column":23},"end":{"line":67,"column":24}},"loc":{"start":{"line":67,"column":40},"end":{"line":101,"column":5}},"line":67},"10":{"name":"(anonymous_10)","decl":{"start":{"line":72,"column":12},"end":{"line":72,"column":13}},"loc":{"start":{"line":72,"column":40},"end":{"line":99,"column":13}},"line":72},"11":{"name":"(anonymous_11)","decl":{"start":{"line":78,"column":20},"end":{"line":78,"column":21}},"loc":{"start":{"line":78,"column":46},"end":{"line":97,"column":21}},"line":78},"12":{"name":"(anonymous_12)","decl":{"start":{"line":84,"column":28},"end":{"line":84,"column":29}},"loc":{"start":{"line":84,"column":54},"end":{"line":95,"column":29}},"line":84},"13":{"name":"(anonymous_13)","decl":{"start":{"line":114,"column":26},"end":{"line":114,"column":27}},"loc":{"start":{"line":114,"column":46},"end":{"line":145,"column":1}},"line":114},"14":{"name":"(anonymous_14)","decl":{"start":{"line":120,"column":23},"end":{"line":120,"column":24}},"loc":{"start":{"line":120,"column":40},"end":{"line":144,"column":5}},"line":120},"15":{"name":"(anonymous_15)","decl":{"start":{"line":122,"column":85},"end":{"line":122,"column":86}},"loc":{"start":{"line":122,"column":113},"end":{"line":143,"column":9}},"line":122},"16":{"name":"(anonymous_16)","decl":{"start":{"line":126,"column":79},"end":{"line":126,"column":80}},"loc":{"start":{"line":126,"column":105},"end":{"line":142,"column":13}},"line":126},"17":{"name":"(anonymous_17)","decl":{"start":{"line":129,"column":134},"end":{"line":129,"column":135}},"loc":{"start":{"line":129,"column":158},"end":{"line":141,"column":17}},"line":129},"18":{"name":"(anonymous_18)","decl":{"start":{"line":155,"column":28},"end":{"line":155,"column":29}},"loc":{"start":{"line":155,"column":48},"end":{"line":168,"column":1}},"line":155},"19":{"name":"(anonymous_19)","decl":{"start":{"line":156,"column":23},"end":{"line":156,"column":24}},"loc":{"start":{"line":156,"column":40},"end":{"line":167,"column":5}},"line":156},"20":{"name":"(anonymous_20)","decl":{"start":{"line":162,"column":12},"end":{"line":162,"column":13}},"loc":{"start":{"line":162,"column":38},"end":{"line":165,"column":13}},"line":162}},"branchMap":{"0":{"loc":{"start":{"line":13,"column":8},"end":{"line":13,"column":68}},"type":"if","locations":[{"start":{"line":13,"column":8},"end":{"line":13,"column":68}},{"start":{"line":13,"column":8},"end":{"line":13,"column":68}}],"line":13},"1":{"loc":{"start":{"line":15,"column":12},"end":{"line":15,"column":72}},"type":"if","locations":[{"start":{"line":15,"column":12},"end":{"line":15,"column":72}},{"start":{"line":15,"column":12},"end":{"line":15,"column":72}}],"line":15},"2":{"loc":{"start":{"line":33,"column":8},"end":{"line":33,"column":92}},"type":"if","locations":[{"start":{"line":33,"column":8},"end":{"line":33,"column":92}},{"start":{"line":33,"column":8},"end":{"line":33,"column":92}}],"line":33},"3":{"loc":{"start":{"line":35,"column":8},"end":{"line":35,"column":68}},"type":"if","locations":[{"start":{"line":35,"column":8},"end":{"line":35,"column":68}},{"start":{"line":35,"column":8},"end":{"line":35,"column":68}}],"line":35},"4":{"loc":{"start":{"line":37,"column":12},"end":{"line":37,"column":72}},"type":"if","locations":[{"start":{"line":37,"column":12},"end":{"line":37,"column":72}},{"start":{"line":37,"column":12},"end":{"line":37,"column":72}}],"line":37},"5":{"loc":{"start":{"line":64,"column":4},"end":{"line":64,"column":82}},"type":"if","locations":[{"start":{"line":64,"column":4},"end":{"line":64,"column":82}},{"start":{"line":64,"column":4},"end":{"line":64,"column":82}}],"line":64},"6":{"loc":{"start":{"line":65,"column":4},"end":{"line":65,"column":103}},"type":"if","locations":[{"start":{"line":65,"column":4},"end":{"line":65,"column":103}},{"start":{"line":65,"column":4},"end":{"line":65,"column":103}}],"line":65},"7":{"loc":{"start":{"line":68,"column":8},"end":{"line":68,"column":68}},"type":"if","locations":[{"start":{"line":68,"column":8},"end":{"line":68,"column":68}},{"start":{"line":68,"column":8},"end":{"line":68,"column":68}}],"line":68},"8":{"loc":{"start":{"line":73,"column":16},"end":{"line":73,"column":76}},"type":"if","locations":[{"start":{"line":73,"column":16},"end":{"line":73,"column":76}},{"start":{"line":73,"column":16},"end":{"line":73,"column":76}}],"line":73},"9":{"loc":{"start":{"line":74,"column":16},"end":{"line":74,"column":111}},"type":"if","locations":[{"start":{"line":74,"column":16},"end":{"line":74,"column":111}},{"start":{"line":74,"column":16},"end":{"line":74,"column":111}}],"line":74},"10":{"loc":{"start":{"line":79,"column":24},"end":{"line":79,"column":84}},"type":"if","locations":[{"start":{"line":79,"column":24},"end":{"line":79,"column":84}},{"start":{"line":79,"column":24},"end":{"line":79,"column":84}}],"line":79},"11":{"loc":{"start":{"line":80,"column":24},"end":{"line":80,"column":117}},"type":"if","locations":[{"start":{"line":80,"column":24},"end":{"line":80,"column":117}},{"start":{"line":80,"column":24},"end":{"line":80,"column":117}}],"line":80},"12":{"loc":{"start":{"line":85,"column":32},"end":{"line":85,"column":92}},"type":"if","locations":[{"start":{"line":85,"column":32},"end":{"line":85,"column":92}},{"start":{"line":85,"column":32},"end":{"line":85,"column":92}}],"line":85},"13":{"loc":{"start":{"line":116,"column":4},"end":{"line":116,"column":82}},"type":"if","locations":[{"start":{"line":116,"column":4},"end":{"line":116,"column":82}},{"start":{"line":116,"column":4},"end":{"line":116,"column":82}}],"line":116},"14":{"loc":{"start":{"line":117,"column":4},"end":{"line":117,"column":103}},"type":"if","locations":[{"start":{"line":117,"column":4},"end":{"line":117,"column":103}},{"start":{"line":117,"column":4},"end":{"line":117,"column":103}}],"line":117},"15":{"loc":{"start":{"line":118,"column":4},"end":{"line":118,"column":103}},"type":"if","locations":[{"start":{"line":118,"column":4},"end":{"line":118,"column":103}},{"start":{"line":118,"column":4},"end":{"line":118,"column":103}}],"line":118},"16":{"loc":{"start":{"line":121,"colu
[...]
n":68}},"type":"if","locations":[{"start":{"line":30,"column":12},"end":{"line":30,"column":68}},{"start":{"line":30,"column":12},"end":{"line":30,"column":68}}],"line":30},"6":{"loc":{"start":{"line":31,"column":12},"end":{"line":31,"column":100}},"type":"if","locations":[{"start":{"line":31,"column":12},"end":{"line":31,"column":100}},{"start":{"line":31,"column":12},"end":{"line":31,"column":100}}],"line":31},"7":{"loc":{"start":{"line":33,"column":16},"end":{"line":33,"column":72}},"type":"if","locations":[{"start":{"line":33,"column":16},"end":{"line":33,"column":72}},{"start":{"line":33,"column":16},"end":{"line":33,"column":72}}],"line":33},"8":{"loc":{"start":{"line":34,"column":16},"end":{"line":34,"column":111}},"type":"if","locations":[{"start":{"line":34,"column":16},"end":{"line":34,"column":111}},{"start":{"line":34,"column":16},"end":{"line":34,"column":111}}],"line":34},"9":{"loc":{"start":{"line":69,"column":24},"end":{"line":69,"column":80}},"type":"if","locations":[{"start":{"line":69,"column":24},"end":{"line":69,"column":80}},{"start":{"line":69,"column":24},"end":{"line":69,"column":80}}],"line":69},"10":{"loc":{"start":{"line":96,"column":8},"end":{"line":96,"column":64}},"type":"if","locations":[{"start":{"line":96,"column":8},"end":{"line":96,"column":64}},{"start":{"line":96,"column":8},"end":{"line":96,"column":64}}],"line":96},"11":{"loc":{"start":{"line":97,"column":8},"end":{"line":97,"column":122}},"type":"if","locations":[{"start":{"line":97,"column":8},"end":{"line":97,"column":122}},{"start":{"line":97,"column":8},"end":{"line":97,"column":122}}],"line":97},"12":{"loc":{"start":{"line":98,"column":8},"end":{"line":98,"column":115}},"type":"if","locations":[{"start":{"line":98,"column":8},"end":{"line":98,"column":115}},{"start":{"line":98,"column":8},"end":{"line":98,"column":115}}],"line":98},"13":{"loc":{"start":{"line":100,"column":12},"end":{"line":100,"column":68}},"type":"if","locations":[{"start":{"line":100,"column":12},"end":{"line":100,"column":68}},{"start":{"line":100,"column":12},"end":{"line":100,"column":68}}],"line":100},"14":{"loc":{"start":{"line":101,"column":12},"end":{"line":101,"column":108}},"type":"if","locations":[{"start":{"line":101,"column":12},"end":{"line":101,"column":108}},{"start":{"line":101,"column":12},"end":{"line":101,"column":108}}],"line":101},"15":{"loc":{"start":{"line":102,"column":12},"end":{"line":102,"column":163}},"type":"if","locations":[{"start":{"line":102,"column":12},"end":{"line":102,"column":163}},{"start":{"line":102,"column":12},"end":{"line":102,"column":163}}],"line":102},"16":{"loc":{"start":{"line":102,"column":16},"end":{"line":102,"column":96}},"type":"binary-expr","locations":[{"start":{"line":102,"column":16},"end":{"line":102,"column":54}},{"start":{"line":102,"column":58},"end":{"line":102,"column":96}}],"line":102},"17":{"loc":{"start":{"line":104,"column":16},"end":{"line":104,"column":72}},"type":"if","locations":[{"start":{"line":104,"column":16},"end":{"line":104,"column":72}},{"start":{"line":104,"column":16},"end":{"line":104,"column":72}}],"line":104},"18":{"loc":{"start":{"line":105,"column":16},"end":{"line":105,"column":128}},"type":"if","locations":[{"start":{"line":105,"column":16},"end":{"line":105,"column":128}},{"start":{"line":105,"column":16},"end":{"line":105,"column":128}}],"line":105},"19":{"loc":{"start":{"line":107,"column":20},"end":{"line":107,"column":76}},"type":"if","locations":[{"start":{"line":107,"column":20},"end":{"line":107,"column":76}},{"start":{"line":107,"column":20},"end":{"line":107,"column":76}}],"line":107},"20":{"loc":{"start":{"line":108,"column":20},"end":{"line":108,"column":108}},"type":"if","locations":[{"start":{"line":108,"column":20},"end":{"line":108,"column":108}},{"start":{"line":108,"column":20},"end":{"line":108,"column":108}}],"line":108},"21":{"loc":{"start":{"line":110,"column":24},"end":{"line":110,"column":80}},"type":"if","locations":[{"start":{"line":110,"column":24},"end":{"line":110,"column":80}},{"start":{"line":110,"column":24},"end":{"line":110,"column":80}}],"line":110},"22":{"loc":{"start":{"line":112,"column":24},"end":{"line":112,"column":135}},"type":"if","locations":[{"start":{"line":112,"column":24},"end":{"line":112,"column":135}},{"start":{"line":112,"column":24},"end":{"line":112,"column":135}}],"line":112},"23":{"loc":{"start":{"line":114,"column":28},"end":{"line":114,"column":84}},"type":"if","locations":[{"start":{"line":114,"column":28},"end":{"line":114,"column":84}},{"start":{"line":114,"column":28},"end":{"line":114,"column":84}}],"line":114},"24":{"loc":{"start":{"line":127,"column":8},"end":{"line":127,"column":64}},"type":"if","locations":[{"start":{"line":127,"column":8},"end":{"line":127,"column":64}},{"start":{"line":127,"column":8},"end":{"line":127,"column":64}}],"line":127},"25":{"loc":{"start":{"line":181,"column":12},"end":{"line":181,"column":68}},"type":"if","locations":[{"start":{"line":181,"column":12},"end":{"line":181,"column":68}},{"start":{"line":181,"column":12},"end":{"line":181,"column":68}}],"line":181},"26":{"loc":{"start":{"line":209,"column":8},"end":{"line":209,"column":64}},"type":"if","locations":[{"start":{"line":209,"column":8},"end":{"line":209,"column":64}},{"start":{"line":209,"column":8},"end":{"line":209,"column":64}}],"line":209},"27":{"loc":{"start":{"line":211,"column":12},"end":{"line":211,"column":68}},"type":"if","locations":[{"start":{"line":211,"column":12},"end":{"line":211,"column":68}},{"start":{"line":211,"column":12},"end":{"line":211,"column":68}}],"line":211},"28":{"loc":{"start":{"line":232,"column":8},"end":{"line":232,"column":64}},"type":"if","locations":[{"start":{"line":232,"column":8},"end":{"line":232,"column":64}},{"start":{"line":232,"column":8},"end":{"line":232,"column":64}}],"line":232},"29":{"loc":{"start":{"line":233,"column":8},"end":{"line":233,"column":113}},"type":"if","locations":[{"start":{"line":233,"column":8},"end":{"line":233,"column":113}},{"start":{"line":233,"column":8},"end":{"line":233,"column":113}}],"line":233},"30":{"loc":{"start":{"line":235,"column":12},"end":{"line":235,"column":68}},"type":"if","locations":[{"start":{"line":235,"column":12},"end":{"line":235,"column":68}},{"start":{"line":235,"column":12},"end":{"line":235,"column":68}}],"line":235},"31":{"loc":{"start":{"line":236,"column":12},"end":{"line":236,"column":137}},"type":"if","locations":[{"start":{"line":236,"column":12},"end":{"line":236,"column":137}},{"start":{"line":236,"column":12},"end":{"line":236,"column":137}}],"line":236},"32":{"loc":{"start":{"line":238,"column":16},"end":{"line":238,"column":72}},"type":"if","locations":[{"start":{"line":238,"column":16},"end":{"line":238,"column":72}},{"start":{"line":238,"column":16},"end":{"line":238,"column":72}}],"line":238}},"s":{"0":1,"1":1,"2":1,"3":1,"4":1,"5":1,"6":0,"7":0,"8":0,"9":0,"10":0,"11":0,"12":0,"13":0,"14":0,"15":1,"16":0,"17":0,"18":0,"19":0,"20":0,"21":0,"22":0,"23":0,"24":0,"25":0,"26":0,"27":0,"28":0,"29":0,"30":0,"31":0,"32":0,"33":0,"34":0,"35":0,"36":0,"37":0,"38":0,"39":1,"40":0,"41":0,"42":0,"43":0,"44":0,"45":0,"46":0,"47":0,"48":0,"49":0,"50":0,"51":0,"52":0,"53":0,"54":0,"55":0,"56":0,"57":0,"58":0,"59":0,"60":0,"61":0,"62":0,"63":0,"64":0,"65":0,"66":0,"67":0,"68":0,"69":0,"70":0,"71":0,"72":0,"73":1,"74":0,"75":0,"76":0,"77":0,"78":0,"79":0,"80":0,"81":0,"82":0,"83":1,"84":0,"85":0,"86":0,"87":0,"88":0,"89":0,"90":0,"91":0,"92":0,"93":1,"94":0,"95":0,"96":0,"97":0,"98":0,"99":0,"100":0,"101":0,"102":0,"103":0,"104":0,"105":0,"106":0,"107":0,"108":1},"f":{"0":0,"1":0,"2":0,"3":0,"4":0,"5":0,"6":0,"7":0,"8":0,"9":0,"10":0,"11":0,"12":0,"13":0,"14":0,"15":0,"16":0,"17":0,"18":0,"19":0,"20":0,"21":0,"22":0,"23":0,"24":0,"25":0,"26":0,"27":0,"28":0},"b":{"0":[0,0],"1":[0,0],"2":[0,0],"3":[0,0],"4":[0,0],"5":[0,0],"6":[0,0],"7":[0,0],"8":[0,0],"9":[0,0],"10":[0,0],"11":[0,0],"12":[0,0],"13":[0,0],"14":[0,0],"15":[0,0],"16":[0,0],"17":[0,0],"18":[0,0],"19":[0,0],"20":[0,0],"21":[0,0],"22":[0,0],"23":[0,0],"24":[0,0],"25":[0,0],"26":[0,0],"27":[0,0],"28":[0,0],"29":[0,0],"30":[0,0],"31":[0,0],"32":[0,0]},"_coverageSchema":"1a1c01bbd47fc00a2c39e90264f33305004495a9","hash":"a7ef23671c4cfb372f8bdf3cf94e3987732cb62c","contentHash":"4e298d3ada3a5e627585618d9d1af6b12a21c0e59515746a115ca8e877dbc410"},"C:\\Users\\pablo_8gxofc2\\Projects\\PROJETO-ES\\holo_health_systems\\back_end\\src\\routes\\telefone.js":{"path":"C:\\Users\\pablo_8gxofc2\\Projects\\PROJETO-ES\\holo_health_systems\\back_end\\src\\routes\\telefone.js","statementMap":{"0":{"start":{"line":1,"column":16},"end":{"line":1,"column":34}},"1":{"start":{"line":2,"column":15},"end":{"line":2,"column":31}},"2":{"start":{"line":3,"column":13},"end":{"line":3,"column":37}},"3":{"start":{"line":5,"column":16},"end":{"line":5,"column":58}},"4":{"start":{"line":6,"column":16},"end":{"line":6,"column":54}},"5":{"start":{"line":7,"column":15},"end":{"line":7,"column":52}},"6":{"start":{"line":8,"column":16},"end":{"line":8,"column":54}},"7":{"start":{"line":11,"column":0},"end":{"line":32,"column":2}},"8":{"start":{"line":12,"column":4},"end":{"line":31,"column":6}},"9":{"start":{"line":13,"column":8},"end":{"line":13,"column":68}},"10":{"start":{"line":13,"column":21},"end":{"line":13,"column":66}},"11":{"start":{"line":14,"column":8},"end":{"line":30,"column":9}},"12":{"start":{"line":17,"column":16},"end":{"line":17,"column":76}},"13":{"start":{"line":17,"column":29},"end":{"line":17,"column":74}},"14":{"start":{"line":18,"column":16},"end":{"line":18,"column":47}},"15":{"start":{"line":19,"column":33},"end":{"line":27,"column":17}},"16":{"start":{"line":21,"column":24},"end":{"line":25,"column":25}},"17":{"start":{"line":28,"column":16},"end":{"line":28,"column":53}},"18":{"start":{"line":40,"column":0},"end":{"line":62,"column":2}},"19":{"start":{"line":41,"column":4},"end":{"line":61,"column":6}},"20":{"start":{"line":42,"column":8},"end":{"line":42,"column":68}},"21":{"start":{"line":42,"column":21},"end":{"line":42,"column":66}},"22":{"start":{"line":43,"column":8},"end":{"line":60,"column":9}},"23":{"start":{"line":47,"column":16},"end":{"line":47,"column":76}},"24":{"start":{"line":47,"column":29},"end":{"line":47,"column":74}},"25":{"start":{"line":48,"column":16},"end":{"line":48,"column":47}},"26":{"start":{"line":49,"column":33},"end":{"line":57,"column":17}},"27":{"start":{"line":51,"column":24},"end":{"line":55,"column":25}},"28":{"start":{"line":58,"column":16},"end":{"line":58,"column":53}},"29":{"start":{"line":73,"column":0},"end":{"line":108,"column":2}},"30":{"start":{"line":75,"column":4},"end":{"line":75,"column":113}},"31":{"start":{"line":75,"column":36},"end":{"line":75,"column":111}},"32":{"start":{"line":76,"column":4},"end":{"line":76,"column":105}},"33":{"start":{"line":76,"column":30},"end":{"line":76,"column":103}},"34":{"start":{"line":78,"column":4},"end":{"line":107,"column":6}},"35":{"start":{"line":79,"column":8},"end":{"line":105,"column":9}},"36":{"start":{"line":83,"column":16},"end":{"line":83,"column":76}},"37":{"start":{"line":83,"column":29},"end":{"line":83,"column":74}},"38":{"start":{"line":84,"column":16},"end":{"line":84,"column":123}},"39":{"start":{"line":84,"column":42},"end":{"line":84,"column":121}},"40":{"start":{"line":85,"column":16},"end":{"line":103,"column":17}},"41":{"start":{"line":92,"column":24},"end":{"line":92,"column":84}},"42":{"start":{"line":92,"column":37},"end":{"line":92,"column":82}},"43":{"start":{"line":93,"column":41},"end":{"line":100,"column":25}},"44":{"start":{"line":101,"column":24},"end":{"line":101,"column":61}},"45":{"start":{"line":117,"column":0},"end":{"line":138,"column":2}},"46":{"start":{"line":118,"column":4},"end":{"line":118,"column":114}},"47":{"start":{"line":118,"column":36},"end":{"line":118,"column":112}},"48":{"start":{"line":119,"column":4},"end":{"line":137,"column":6}},"49":{"start":{"line":120,"column":8},"end":{"line":120,"column":68}},"50":{"start":{"line":120,"column":21},"end":{"line":120,"column":66}},"51":{"start":{"line":121,"column":8},"end":{"line":136,"column":9}},"52":{"start":{"line":125,"column":16},"end":{"line":125,"column":76}},"53":{"start":{"line":125,"column":29},"end":{"line":125,"column":74}},"54":{"start":{"line":126,"column":16},"end":{"line":126,"column":120}},"55":{"start":{"line":126,"column":43},"end":{"line":126,"column":118}},"56":{"start":{"line":127,"column":16},"end":{"line":134,"column":17}},"57":{"start":{"line":131,"column":24},"end":{"line":131,"column":84}},"58":{"start":{"line":131,"column":37},"end":{"line":131,"column":82}},"59":{"start":{"line":132,"column":24},"end":{"line":132,"column":114}},"60":{"start":{"line":141,"column":0},"end":{"line":141,"column":23}}},"fnMap":{"0":{"name":"(anonymous_0)","decl":{"start":{"line":11,"column":25},"end":{"line":11,"column":26}},"loc":{"start":{"line":11,"column":45},"end":{"line":32,"column":1}},"line":11},"1":{"name":"(anonymous_1)","decl":{"start":{"line":12,"column":23},"end":{"line":12,"column":24}},"loc":{"start":{"line":12,"column":40},"end":{"line":31,"column":5}},"line":12},"2":{"name":"(anonymous_2)","decl":{"start":{"line":16,"column":12},"end":{"line":16,"column":13}},"loc":{"start":{"line":16,"column":40},"end":{"line":29,"column":13}},"line":16},"3":{"name":"(anonymous_3)","decl":{"start":{"line":20,"column":43},"end":{"line":20,"column":44}},"loc":{"start":{"line":20,"column":58},"end":{"line":26,"column":21}},"line":20},"4":{"name":"(anonymous_4)","decl":{"start":{"line":40,"column":37},"end":{"line":40,"column":38}},"loc":{"start":{"line":40,"column":57},"end":{"line":62,"column":1}},"line":40},"5":{"name":"(anonymous_5)","decl":{"start":{"line":41,"column":23},"end":{"line":41,"column":24}},"loc":{"start":{"line":41,"column":40},"end":{"line":61,"column":5}},"line":41},"6":{"name":"(anonymous_6)","decl":{"start":{"line":46,"column":12},"end":{"line":46,"column":13}},"loc":{"start":{"line":46,"column":40},"end":{"line":59,"column":13}},"line":46},"7":{"name":"(anonymous_7)","decl":{"start":{"line":50,"column":43},"end":{"line":50,"column":44}},"loc":{"start":{"line":50,"column":58},"end":{"line":56,"column":21}},"line":50},"8":{"name":"(anonymous_8)","decl":{"start":{"line":73,"column":26},"end":{"line":73,"column":27}},"loc":{"start":{"line":73,"column":46},"end":{"line":108,"column":1}},"line":73},"9":{"name":"(anonymous_9)","decl":{"start":{"line":78,"column":23},"end":{"line":78,"column":24}},"loc":{"start":{"line":78,"column":40},"end":{"line":107,"column":5}},"line":78},"10":{"name":"(anonymous_10)","decl":{"start":{"line":82,"column":12},"end":{"line":82,"column":13}},"loc":{"start":{"line":82,"column":40},"end":{"line":104,"column":13}},"line":82},"11":{"name":"(anonymous_11)","decl":{"start":{"line":91,"column":20},"end":{"line":91,"column":21}},"loc":{"start":{"line":91,"column":48},"end":{"line":102,"column":21}},"line":91},"12":{"name":"(anonymous_12)","decl":{"start":{"line":117,"column":28},"end":{"line":117,"column":29}},"loc":{"start":{"line":117,"column":48},"end":{"line":138,"column":1}},"line":117},"13":{"name":"(anonymous_13)","decl":{"start":{"line":119,"column":23},"end":{"line":119,"column":24}},"loc":{"start":{"line":119,"column":40},"end":{"line":137,"column":5}},"line":119},"14":{"name":"(anonymous_14)","decl":{"start":{"line":124,"column":12},"end":{"line":124,"column":13}},"loc":{"start":{"line":124,"column":40},"end":{"line":135,"column":13}},"line":124},"15":{"name":"(anonymous_15)","decl":{"start":{"line":130,"column":20},"end":{"line":130,"column":21}},"loc":{"start":{"line":130,"column":48},"end":{"line":133,"column":21}},"line":130}},"branchMap":{"0":{"loc":{"start":{"line":13,"column":8},"end":{"line":13,"column":68}},"type":"if","locations":[{"start":{"line":13,"column":8},"end":{"line":13,"column":68}},{"start":{"line":13,"column":8},"end":{"line":13,"column":68}}],"line":13},"1":{"loc":{"start":{"line":17,"column":16},"end":{"line":17,"column":76}},"type":"if","locations":[{"start":{"line":17,"column":16},"end":{"line":17,"column":76}},{"start":{"line":17,"column":16},"end":{"line":17,"column":76}}],"line":17},"2":{"loc":{"start":{"line":42,"column":8},"end":{"line":42,"column":68}},"type":"if","locations":[{"start":{"line":42,"column":8},"end":{"line":42,"column":68}},{"start":{"line":42,"column":8},"end":{"line":42,"column":68}}],"line":42},"3":{"loc":{"start":{"line":47,"column":16},"end":{"line":47,"column":76}},"type":"if","locations":[{"start":{"line":47,"column":16},"end":{"line":47,"column":76}},{"start":{"line":47,"column":16},"end":{"line":47,"column":76}}],"line":47},"4":{"loc":{"start":{"line":75,"column":4},"end":{"line":75,"column":113}},"type":"if","locations":[{"start":{"line":75,"column":4},"end":{"line":75,"column":113}},{"start":{"line":75,"column":4},"end":{"line":75,"column":113}}],"line":75},"5":{"loc":{"start":{"line":76,"column":4},"end":{"line":76,"column":105}},"type":"if","locations":[{"start":{"line":76,"column":4},"end":{"line":76,"column":105}},{"start":{"line":76,"column":4},"end":{"line":76,"column":105}}],"line":76},"6":{"loc":{"start":{"line":83,"column":16},"end":{"line":83,"column":76}},"type":"if","locations":[{"start":{"line":83,"column":16},"end":{"line":83,"column":76}},{"start":{"line":83,"column":16},"end":{"line":83,"column":76}}],"line":83},"7":{"loc":{"start":{"line":84,"column":16},"end":{"line":84,"column":123}},"type":"if","locations":[{"start":{"line":84,"column":16},"end":{"line":84,"column":123}},{"start":{"line":84,"column":16},"end":{"line":84,"column":123}}],"line":84},"8":{"loc":{"start":{"line":92,"column":24},"end":{"line":92,"column":84}},"type":"if","locations":[{"start":{"line":92,"column":24},"end":{"line":92,"column":84}},{"start":{"line":92,"column":24},"end":{"line":92,"column":84}}],"line":92},"9":{"loc":{"start":{"line":118,"column":4},"end":{"line":118,"column":114}},"type":"if","locations":[{"start":{"line":118,"column":4},"end":{"line":118,"column":114}},{"start":{"line":118,"column":4},"end":{"line":118,"column":114}}],"line":118},"10":{"loc":{"start":{"line":120,"column":8},"end":{"line":120,"column":68}},"type":"if","locations":[{"start":{"line":120,"column":8},"end":{"line":120,"column":68}},{"start":{"line":120,"column":8},"end":{"line":120,"column":68}}],"line":120},"11":{"loc":{"start":{"line":125,"column":16},"end":{"line":125,"column":76}},"type":"if","locations":[{"start":{"line":125,"column":16},"end":{"line":125,"column":76}},{"start":{"line":125,"column":16},"end":{"line":125,"column":76}}],"line":125},"12":{"loc":{"start":{"line":126,"column":16},"end":{"line":126,"column":120}},"type":"if","locations":[{"start":{"line":126,"column":16},"end":{"line":126,"column":120}},{"start":{"line":126,"column":16},"end":{"line":126,"column":120}}],"line":126},"13":{"loc":{"start":{"line":131,"column":24},"end":{"line":131,"column":84}},"type":"if","locations":[{"start":{"line":131,"column":24},"end":{"line":131,"column":84}},{"start":{"line":131,"column":24},"end":{"line":131,"column":84}}],"line":131}},"s":{"0":1,"1":1,"2":1,"3":1,"4":1,"5":1,"6":1,"7":1,"8":0,"9":0,"10":0,"11":0,"12":0,"13":0,"14":0,"15":0,"16":0,"17":0,"18":1,"19":0,"20":0,"21":0,"22":0,"23":0,"24":0,"25":0,"26":0,"27":0,"28":0,"29":1,"30":0,"31":0,"32":0,"33":0,"34":0,"35":0,"36":0,"37":0,"38":0,"39":0,"40":0,"41":0,"42":0,"43":0,"44":0,"45":1,"46":0,"47":0,"48":0,"49":0,"50":0,"51":0,"52":0,"53":0,"54":0,"55":0,"56":0,"57":0,"58":0,"59":0,"60":1},"f":{"0":0,"1":0,"2":0,"3":0,"4":0,"5":0,"6":0,"7":0,"8":0,"9":0,"10":0,"11":0,"12":0,"13":0,"14":0,"15":0},"b":{"0":[0,0],"1":[0,0],"2":[0,0],"3":[0,0],"4":[0,0],"5":[0,0],"6":[0,0],"7":[0,0],"8":[0,0],"9":[0,0],"10":[0,0],"11":[0,0],"12":[0,0],"13":[0,0]},"_coverageSchema":"1a1c01bbd47fc00a2c39e90264f33305004495a9","hash":"7678aa7ec372a1048ae1aa14562ca0e102c9a581","contentHash":"2a8679a1ca6e1df2c1d956d35e4f28f3e2865660d5336e48983ed8555cf61f84"}}